[30-Mar-2022 12:51:00 UTC] PHP Parse error:  syntax error, unexpected end of file in /home2/trident/hc.yourproject-test.co.uk/profile.php on line 1142
[30-Mar-2022 12:51:09 UTC] PHP Parse error:  syntax error, unexpected end of file in /home2/trident/hc.yourproject-test.co.uk/profile.php on line 1142
[30-Mar-2022 12:53:20 UTC] PHP Parse error:  syntax error, unexpected end of file in /home2/trident/hc.yourproject-test.co.uk/profile.php on line 1142
[30-Mar-2022 12:53:28 UTC] PHP Parse error:  syntax error, unexpected end of file in /home2/trident/hc.yourproject-test.co.uk/profile.php on line 1142
[30-Mar-2022 13:00:46 UTC] PHP Parse error:  syntax error, unexpected end of file in /home2/trident/hc.yourproject-test.co.uk/profile.php on line 1156
[31-Mar-2022 07:48:46 UTC] PHP Parse error:  syntax error, unexpected '<', expecting end of file in /home2/trident/hc.yourproject-test.co.uk/projects.php on line 6
[31-Mar-2022 07:52:00 UTC] PHP Parse error:  syntax error, unexpected '<', expecting end of file in /home2/trident/hc.yourproject-test.co.uk/projects.php on line 6
[31-Mar-2022 07:54:14 UTC] PHP Parse error:  syntax error, unexpected '<', expecting end of file in /home2/trident/hc.yourproject-test.co.uk/projects.php on line 6
[31-Mar-2022 07:55:04 UTC] PHP Parse error:  syntax error, unexpected '<', expecting end of file in /home2/trident/hc.yourproject-test.co.uk/projects.php on line 6
[31-Mar-2022 07:55:05 UTC] PHP Parse error:  syntax error, unexpected '<', expecting end of file in /home2/trident/hc.yourproject-test.co.uk/projects.php on line 6
[31-Mar-2022 08:04:59 UTC] PHP Parse error:  syntax error, unexpected '" class="' (T_CONSTANT_ENCAPSED_STRING), expecting variable (T_VARIABLE) or '{' or '$' in /home2/trident/hc.yourproject-test.co.uk/projects.php on line 78
[31-Mar-2022 08:05:01 UTC] PHP Parse error:  syntax error, unexpected '" class="' (T_CONSTANT_ENCAPSED_STRING), expecting variable (T_VARIABLE) or '{' or '$' in /home2/trident/hc.yourproject-test.co.uk/projects.php on line 78
[31-Mar-2022 08:05:24 UTC] PHP Parse error:  syntax error, unexpected '" class="' (T_CONSTANT_ENCAPSED_STRING), expecting variable (T_VARIABLE) or '{' or '$' in /home2/trident/hc.yourproject-test.co.uk/projects.php on line 78
[31-Mar-2022 08:06:14 UTC] PHP Parse error:  syntax error, unexpected '$project_name' (T_VARIABLE) in /home2/trident/hc.yourproject-test.co.uk/projects.php on line 68
[31-Mar-2022 08:06:14 UTC] PHP Parse error:  syntax error, unexpected '$project_name' (T_VARIABLE) in /home2/trident/hc.yourproject-test.co.uk/projects.php on line 68
[05-Apr-2022 12:05:59 Europe/London] PHP Fatal error:  Uncaught Error: Cannot use object of type User as array in /home2/trident/hc.yourproject-test.co.uk/profile.php:1038
Stack trace:
#0 {main}
  thrown in /home2/trident/hc.yourproject-test.co.uk/profile.php on line 1038
[13-Apr-2022 08:58:17 UTC] PHP Parse error:  syntax error, unexpected ')' in /home/trident/hc.yourproject-test.co.uk/includes/header.php on line 144
[13-Apr-2022 08:58:22 UTC] PHP Parse error:  syntax error, unexpected ')' in /home/trident/hc.yourproject-test.co.uk/includes/header.php on line 144
[13-Apr-2022 08:58:34 UTC] PHP Parse error:  syntax error, unexpected ')' in /home/trident/hc.yourproject-test.co.uk/includes/header.php on line 144
[13-Apr-2022 08:58:37 UTC] PHP Parse error:  syntax error, unexpected ')' in /home/trident/hc.yourproject-test.co.uk/includes/header.php on line 144
[14-Apr-2022 15:49:50 Europe/London] PHP Fatal error:  Uncaught Error: Call to a member function format() on bool in /home/trident/hc.yourproject-test.co.uk/calendar-api.php:26
Stack trace:
#0 {main}
  thrown in /home/trident/hc.yourproject-test.co.uk/calendar-api.php on line 26
[14-Apr-2022 15:53:43 Europe/London] PHP Fatal error:  Uncaught InvalidArgumentException: file "includes/google.json" does not exist in /home/trident/hc.yourproject-test.co.uk/libraries/google-api-php-client/src/Client.php:980
Stack trace:
#0 /home/trident/hc.yourproject-test.co.uk/includes/google_functions.php(14): Google\Client->setAuthConfig('includes/google...')
#1 /home/trident/hc.yourproject-test.co.uk/includes/google_functions.php(25): getClient()
#2 /home/trident/hc.yourproject-test.co.uk/includes/google_functions.php(51): authoriseGoogle()
#3 /home/trident/hc.yourproject-test.co.uk/settings.php(183): isGoogleConnected()
#4 {main}
  thrown in /home/trident/hc.yourproject-test.co.uk/libraries/google-api-php-client/src/Client.php on line 980
[14-Apr-2022 17:09:28 Europe/London] PHP Fatal error:  Uncaught InvalidArgumentException: file "includes/google.json" does not exist in /home/trident/hc.yourproject-test.co.uk/libraries/google-api-php-client/src/Client.php:980
Stack trace:
#0 /home/trident/hc.yourproject-test.co.uk/includes/google_functions.php(14): Google\Client->setAuthConfig('includes/google...')
#1 /home/trident/hc.yourproject-test.co.uk/includes/google_functions.php(25): getClient()
#2 /home/trident/hc.yourproject-test.co.uk/includes/google_functions.php(51): authoriseGoogle()
#3 /home/trident/hc.yourproject-test.co.uk/settings.php(183): isGoogleConnected()
#4 {main}
  thrown in /home/trident/hc.yourproject-test.co.uk/libraries/google-api-php-client/src/Client.php on line 980
[19-Apr-2022 13:44:49 Europe/London] PHP Fatal error:  Cannot redeclare getLastInsertID() (previously declared in /home/trident/hc.yourproject-test.co.uk/config/config.php:96) in /home/trident/hc.yourproject-test.co.uk/config/config.php on line 96
[19-Apr-2022 12:49:29 UTC] PHP Notice:  Undefined variable: userLoggedIn in /home/trident/hc.yourproject-test.co.uk/group-b.php on line 43
[19-Apr-2022 12:49:29 UTC] PHP Notice:  Undefined variable: user in /home/trident/hc.yourproject-test.co.uk/group-b.php on line 43
[19-Apr-2022 12:49:29 UTC] PHP Notice:  Undefined variable: user in /home/trident/hc.yourproject-test.co.uk/group-b.php on line 43
[19-Apr-2022 12:49:29 UTC] PHP Notice:  Undefined variable: userLoggedIn in /home/trident/hc.yourproject-test.co.uk/group-b.php on line 103
[19-Apr-2022 12:49:31 UTC] PHP Notice:  Undefined variable: userLoggedIn in /home/trident/hc.yourproject-test.co.uk/group-b.php on line 43
[19-Apr-2022 12:49:31 UTC] PHP Notice:  Undefined variable: user in /home/trident/hc.yourproject-test.co.uk/group-b.php on line 43
[19-Apr-2022 12:49:31 UTC] PHP Notice:  Undefined variable: user in /home/trident/hc.yourproject-test.co.uk/group-b.php on line 43
[19-Apr-2022 12:49:31 UTC] PHP Notice:  Undefined variable: userLoggedIn in /home/trident/hc.yourproject-test.co.uk/group-b.php on line 103
[19-Apr-2022 12:49:32 UTC] PHP Notice:  Undefined variable: userLoggedIn in /home/trident/hc.yourproject-test.co.uk/group-b.php on line 43
[19-Apr-2022 12:49:32 UTC] PHP Notice:  Undefined variable: user in /home/trident/hc.yourproject-test.co.uk/group-b.php on line 43
[19-Apr-2022 12:49:32 UTC] PHP Notice:  Undefined variable: user in /home/trident/hc.yourproject-test.co.uk/group-b.php on line 43
[19-Apr-2022 12:49:32 UTC] PHP Notice:  Undefined variable: userLoggedIn in /home/trident/hc.yourproject-test.co.uk/group-b.php on line 103
[19-Apr-2022 12:50:39 UTC] PHP Notice:  Undefined variable: userLoggedIn in /home/trident/hc.yourproject-test.co.uk/group-b.php on line 43
[19-Apr-2022 12:50:39 UTC] PHP Notice:  Undefined variable: user in /home/trident/hc.yourproject-test.co.uk/group-b.php on line 43
[19-Apr-2022 12:50:39 UTC] PHP Notice:  Undefined variable: user in /home/trident/hc.yourproject-test.co.uk/group-b.php on line 43
[19-Apr-2022 12:50:39 UTC] PHP Notice:  Undefined variable: userLoggedIn in /home/trident/hc.yourproject-test.co.uk/group-b.php on line 103
[19-Apr-2022 13:56:17 Europe/London] PHP Fatal error:  Cannot redeclare getLastInsertID() (previously declared in /home/trident/hc.yourproject-test.co.uk/config/config.php:96) in /home/trident/hc.yourproject-test.co.uk/config/config.php on line 96
[19-Apr-2022 12:57:51 UTC] PHP Parse error:  syntax error, unexpected '$imageFileType' (T_VARIABLE) in /home/trident/hc.yourproject-test.co.uk/profile.php on line 46
[19-Apr-2022 12:57:58 UTC] PHP Parse error:  syntax error, unexpected '$imageFileType' (T_VARIABLE) in /home/trident/hc.yourproject-test.co.uk/profile.php on line 46
[19-Apr-2022 12:58:01 UTC] PHP Parse error:  syntax error, unexpected '$imageFileType' (T_VARIABLE) in /home/trident/hc.yourproject-test.co.uk/profile.php on line 46
[19-Apr-2022 12:58:14 UTC] PHP Parse error:  syntax error, unexpected '$imageFileType' (T_VARIABLE) in /home/trident/hc.yourproject-test.co.uk/profile.php on line 46
[19-Apr-2022 12:58:21 UTC] PHP Parse error:  syntax error, unexpected '$imageFileType' (T_VARIABLE) in /home/trident/hc.yourproject-test.co.uk/profile.php on line 46
[19-Apr-2022 13:35:45 UTC] PHP Parse error:  syntax error, unexpected '$imageFileType' (T_VARIABLE) in /home/trident/hc.yourproject-test.co.uk/profile.php on line 46
[20-Apr-2022 13:31:25 Europe/London] PHP Fatal error:  Uncaught InvalidArgumentException: file "includes/google.json" does not exist in /home/trident/hc.yourproject-test.co.uk/libraries/google-api-php-client/src/Client.php:980
Stack trace:
#0 /home/trident/hc.yourproject-test.co.uk/includes/google_functions.php(14): Google\Client->setAuthConfig('includes/google...')
#1 /home/trident/hc.yourproject-test.co.uk/includes/google_functions.php(25): getClient()
#2 /home/trident/hc.yourproject-test.co.uk/includes/google_functions.php(51): authoriseGoogle()
#3 /home/trident/hc.yourproject-test.co.uk/settings.php(183): isGoogleConnected()
#4 {main}
  thrown in /home/trident/hc.yourproject-test.co.uk/libraries/google-api-php-client/src/Client.php on line 980
[20-Apr-2022 15:03:17 Europe/London] PHP Fatal error:  Uncaught Error: Call to a member function format() on bool in /home/trident/hc.yourproject-test.co.uk/calendar-api.php:26
Stack trace:
#0 {main}
  thrown in /home/trident/hc.yourproject-test.co.uk/calendar-api.php on line 26
[20-Apr-2022 15:03:18 Europe/London] PHP Fatal error:  Uncaught Error: Call to a member function format() on bool in /home/trident/hc.yourproject-test.co.uk/calendar-api.php:26
Stack trace:
#0 {main}
  thrown in /home/trident/hc.yourproject-test.co.uk/calendar-api.php on line 26
[20-Apr-2022 15:03:19 Europe/London] PHP Fatal error:  Uncaught Error: Call to a member function format() on bool in /home/trident/hc.yourproject-test.co.uk/calendar-api.php:26
Stack trace:
#0 {main}
  thrown in /home/trident/hc.yourproject-test.co.uk/calendar-api.php on line 26
[20-Apr-2022 15:23:00 Europe/London] PHP Fatal error:  Uncaught InvalidArgumentException: file "includes/google.json" does not exist in /home/trident/hc.yourproject-test.co.uk/libraries/google-api-php-client/src/Client.php:980
Stack trace:
#0 /home/trident/hc.yourproject-test.co.uk/includes/google_functions.php(14): Google\Client->setAuthConfig('includes/google...')
#1 /home/trident/hc.yourproject-test.co.uk/includes/google_functions.php(25): getClient()
#2 /home/trident/hc.yourproject-test.co.uk/includes/google_functions.php(51): authoriseGoogle()
#3 /home/trident/hc.yourproject-test.co.uk/settings.php(183): isGoogleConnected()
#4 {main}
  thrown in /home/trident/hc.yourproject-test.co.uk/libraries/google-api-php-client/src/Client.php on line 980
[20-Apr-2022 15:23:06 Europe/London] PHP Fatal error:  Uncaught InvalidArgumentException: file "includes/google.json" does not exist in /home/trident/hc.yourproject-test.co.uk/libraries/google-api-php-client/src/Client.php:980
Stack trace:
#0 /home/trident/hc.yourproject-test.co.uk/includes/google_functions.php(14): Google\Client->setAuthConfig('includes/google...')
#1 /home/trident/hc.yourproject-test.co.uk/includes/google_functions.php(25): getClient()
#2 /home/trident/hc.yourproject-test.co.uk/includes/google_functions.php(51): authoriseGoogle()
#3 /home/trident/hc.yourproject-test.co.uk/settings.php(183): isGoogleConnected()
#4 {main}
  thrown in /home/trident/hc.yourproject-test.co.uk/libraries/google-api-php-client/src/Client.php on line 980
[20-Apr-2022 15:36:48 Europe/London] PHP Fatal error:  Uncaught InvalidArgumentException: file "includes/google.json" does not exist in /home/trident/hc.yourproject-test.co.uk/libraries/google-api-php-client/src/Client.php:980
Stack trace:
#0 /home/trident/hc.yourproject-test.co.uk/includes/google_functions.php(14): Google\Client->setAuthConfig('includes/google...')
#1 /home/trident/hc.yourproject-test.co.uk/includes/google_functions.php(25): getClient()
#2 /home/trident/hc.yourproject-test.co.uk/includes/google_functions.php(51): authoriseGoogle()
#3 /home/trident/hc.yourproject-test.co.uk/settings.php(183): isGoogleConnected()
#4 {main}
  thrown in /home/trident/hc.yourproject-test.co.uk/libraries/google-api-php-client/src/Client.php on line 980
[20-Apr-2022 15:37:46 Europe/London] PHP Fatal error:  Uncaught InvalidArgumentException: file "includes/google.json" does not exist in /home/trident/hc.yourproject-test.co.uk/libraries/google-api-php-client/src/Client.php:980
Stack trace:
#0 /home/trident/hc.yourproject-test.co.uk/includes/google_functions.php(14): Google\Client->setAuthConfig('includes/google...')
#1 /home/trident/hc.yourproject-test.co.uk/includes/google_functions.php(25): getClient()
#2 /home/trident/hc.yourproject-test.co.uk/includes/google_functions.php(51): authoriseGoogle()
#3 /home/trident/hc.yourproject-test.co.uk/settings.php(183): isGoogleConnected()
#4 {main}
  thrown in /home/trident/hc.yourproject-test.co.uk/libraries/google-api-php-client/src/Client.php on line 980
[20-Apr-2022 15:40:44 Europe/London] PHP Fatal error:  Uncaught Error: Call to a member function format() on bool in /home/trident/hc.yourproject-test.co.uk/calendar-api.php:26
Stack trace:
#0 {main}
  thrown in /home/trident/hc.yourproject-test.co.uk/calendar-api.php on line 26
[20-Apr-2022 15:40:44 Europe/London] PHP Fatal error:  Uncaught Error: Call to a member function format() on bool in /home/trident/hc.yourproject-test.co.uk/calendar-api.php:26
Stack trace:
#0 {main}
  thrown in /home/trident/hc.yourproject-test.co.uk/calendar-api.php on line 26
[20-Apr-2022 15:40:44 Europe/London] PHP Fatal error:  Uncaught Error: Call to a member function format() on bool in /home/trident/hc.yourproject-test.co.uk/calendar-api.php:26
Stack trace:
#0 {main}
  thrown in /home/trident/hc.yourproject-test.co.uk/calendar-api.php on line 26
[20-Apr-2022 15:40:45 Europe/London] PHP Fatal error:  Uncaught Error: Call to a member function format() on bool in /home/trident/hc.yourproject-test.co.uk/calendar-api.php:26
Stack trace:
#0 {main}
  thrown in /home/trident/hc.yourproject-test.co.uk/calendar-api.php on line 26
[20-Apr-2022 15:40:45 Europe/London] PHP Fatal error:  Uncaught Error: Call to a member function format() on bool in /home/trident/hc.yourproject-test.co.uk/calendar-api.php:26
Stack trace:
#0 {main}
  thrown in /home/trident/hc.yourproject-test.co.uk/calendar-api.php on line 26
[20-Apr-2022 15:40:45 Europe/London] PHP Fatal error:  Uncaught Error: Call to a member function format() on bool in /home/trident/hc.yourproject-test.co.uk/calendar-api.php:26
Stack trace:
#0 {main}
  thrown in /home/trident/hc.yourproject-test.co.uk/calendar-api.php on line 26
[20-Apr-2022 15:40:47 Europe/London] PHP Fatal error:  Uncaught Error: Call to a member function format() on bool in /home/trident/hc.yourproject-test.co.uk/calendar-api.php:26
Stack trace:
#0 {main}
  thrown in /home/trident/hc.yourproject-test.co.uk/calendar-api.php on line 26
[20-Apr-2022 15:40:49 Europe/London] PHP Fatal error:  Uncaught Error: Call to a member function format() on bool in /home/trident/hc.yourproject-test.co.uk/calendar-api.php:26
Stack trace:
#0 {main}
  thrown in /home/trident/hc.yourproject-test.co.uk/calendar-api.php on line 26
[20-Apr-2022 15:46:45 Europe/London] PHP Fatal error:  Uncaught Error: Cannot use object of type User as array in /home/trident/hc.yourproject-test.co.uk/profile.php:1146
Stack trace:
#0 {main}
  thrown in /home/trident/hc.yourproject-test.co.uk/profile.php on line 1146
[20-Apr-2022 15:46:56 Europe/London] PHP Fatal error:  Uncaught Error: Cannot use object of type User as array in /home/trident/hc.yourproject-test.co.uk/profile.php:1146
Stack trace:
#0 {main}
  thrown in /home/trident/hc.yourproject-test.co.uk/profile.php on line 1146
[20-Apr-2022 15:47:27 Europe/London] PHP Fatal error:  Uncaught Error: Cannot use object of type User as array in /home/trident/hc.yourproject-test.co.uk/profile.php:1146
Stack trace:
#0 {main}
  thrown in /home/trident/hc.yourproject-test.co.uk/profile.php on line 1146
[20-Apr-2022 15:52:14 Europe/London] PHP Fatal error:  Uncaught Error: Call to a member function format() on bool in /home/trident/hc.yourproject-test.co.uk/calendar-api.php:26
Stack trace:
#0 {main}
  thrown in /home/trident/hc.yourproject-test.co.uk/calendar-api.php on line 26
[20-Apr-2022 16:57:19 Europe/London] PHP Fatal error:  Uncaught InvalidArgumentException: file "includes/google.json" does not exist in /home/trident/hc.yourproject-test.co.uk/libraries/google-api-php-client/src/Client.php:980
Stack trace:
#0 /home/trident/hc.yourproject-test.co.uk/includes/google_functions.php(14): Google\Client->setAuthConfig('includes/google...')
#1 /home/trident/hc.yourproject-test.co.uk/includes/google_functions.php(25): getClient()
#2 /home/trident/hc.yourproject-test.co.uk/includes/google_functions.php(51): authoriseGoogle()
#3 /home/trident/hc.yourproject-test.co.uk/settings.php(183): isGoogleConnected()
#4 {main}
  thrown in /home/trident/hc.yourproject-test.co.uk/libraries/google-api-php-client/src/Client.php on line 980
[20-Apr-2022 16:57:42 Europe/London] PHP Fatal error:  Uncaught InvalidArgumentException: file "includes/google.json" does not exist in /home/trident/hc.yourproject-test.co.uk/libraries/google-api-php-client/src/Client.php:980
Stack trace:
#0 /home/trident/hc.yourproject-test.co.uk/includes/google_functions.php(14): Google\Client->setAuthConfig('includes/google...')
#1 /home/trident/hc.yourproject-test.co.uk/includes/google_functions.php(25): getClient()
#2 /home/trident/hc.yourproject-test.co.uk/includes/google_functions.php(51): authoriseGoogle()
#3 /home/trident/hc.yourproject-test.co.uk/settings.php(183): isGoogleConnected()
#4 {main}
  thrown in /home/trident/hc.yourproject-test.co.uk/libraries/google-api-php-client/src/Client.php on line 980
[20-Apr-2022 16:59:01 Europe/London] PHP Fatal error:  Uncaught InvalidArgumentException: file "includes/google.json" does not exist in /home/trident/hc.yourproject-test.co.uk/libraries/google-api-php-client/src/Client.php:980
Stack trace:
#0 /home/trident/hc.yourproject-test.co.uk/includes/google_functions.php(14): Google\Client->setAuthConfig('includes/google...')
#1 /home/trident/hc.yourproject-test.co.uk/includes/google_functions.php(25): getClient()
#2 /home/trident/hc.yourproject-test.co.uk/includes/google_functions.php(51): authoriseGoogle()
#3 /home/trident/hc.yourproject-test.co.uk/settings.php(183): isGoogleConnected()
#4 {main}
  thrown in /home/trident/hc.yourproject-test.co.uk/libraries/google-api-php-client/src/Client.php on line 980
[21-Apr-2022 08:44:30 UTC] PHP Notice:  Undefined variable: userLoggedIn in /home/trident/hc.yourproject-test.co.uk/group-b.php on line 49
[21-Apr-2022 08:44:30 UTC] PHP Notice:  Undefined variable: user in /home/trident/hc.yourproject-test.co.uk/group-b.php on line 49
[21-Apr-2022 08:44:30 UTC] PHP Notice:  Undefined variable: user in /home/trident/hc.yourproject-test.co.uk/group-b.php on line 49
[21-Apr-2022 08:44:30 UTC] PHP Notice:  Undefined variable: userLoggedIn in /home/trident/hc.yourproject-test.co.uk/group-b.php on line 109
[21-Apr-2022 08:44:30 UTC] PHP Fatal error:  Uncaught Error: Class 'Document' not found in /home/trident/hc.yourproject-test.co.uk/group-b.php:367
Stack trace:
#0 {main}
  thrown in /home/trident/hc.yourproject-test.co.uk/group-b.php on line 367
[22-Apr-2022 15:25:46 Europe/London] PHP Fatal error:  Uncaught InvalidArgumentException: file "includes/google.json" does not exist in /home/trident/hc.yourproject-test.co.uk/libraries/google-api-php-client/src/Client.php:980
Stack trace:
#0 /home/trident/hc.yourproject-test.co.uk/includes/google_functions.php(14): Google\Client->setAuthConfig('includes/google...')
#1 /home/trident/hc.yourproject-test.co.uk/includes/google_functions.php(25): getClient()
#2 /home/trident/hc.yourproject-test.co.uk/includes/google_functions.php(51): authoriseGoogle()
#3 /home/trident/hc.yourproject-test.co.uk/settings.php(183): isGoogleConnected()
#4 {main}
  thrown in /home/trident/hc.yourproject-test.co.uk/libraries/google-api-php-client/src/Client.php on line 980
[22-Apr-2022 15:25:50 Europe/London] PHP Fatal error:  Uncaught InvalidArgumentException: file "includes/google.json" does not exist in /home/trident/hc.yourproject-test.co.uk/libraries/google-api-php-client/src/Client.php:980
Stack trace:
#0 /home/trident/hc.yourproject-test.co.uk/includes/google_functions.php(14): Google\Client->setAuthConfig('includes/google...')
#1 /home/trident/hc.yourproject-test.co.uk/includes/google_functions.php(25): getClient()
#2 /home/trident/hc.yourproject-test.co.uk/includes/google_functions.php(51): authoriseGoogle()
#3 /home/trident/hc.yourproject-test.co.uk/settings.php(183): isGoogleConnected()
#4 {main}
  thrown in /home/trident/hc.yourproject-test.co.uk/libraries/google-api-php-client/src/Client.php on line 980
[22-Apr-2022 15:26:09 Europe/London] PHP Fatal error:  Uncaught InvalidArgumentException: file "includes/google.json" does not exist in /home/trident/hc.yourproject-test.co.uk/libraries/google-api-php-client/src/Client.php:980
Stack trace:
#0 /home/trident/hc.yourproject-test.co.uk/includes/google_functions.php(14): Google\Client->setAuthConfig('includes/google...')
#1 /home/trident/hc.yourproject-test.co.uk/includes/google_functions.php(25): getClient()
#2 /home/trident/hc.yourproject-test.co.uk/includes/google_functions.php(51): authoriseGoogle()
#3 /home/trident/hc.yourproject-test.co.uk/settings.php(183): isGoogleConnected()
#4 {main}
  thrown in /home/trident/hc.yourproject-test.co.uk/libraries/google-api-php-client/src/Client.php on line 980
[25-Apr-2022 10:43:46 Europe/London] PHP Fatal error:  Uncaught InvalidArgumentException: file "includes/google.json" does not exist in /home/trident/hc.yourproject-test.co.uk/libraries/google-api-php-client/src/Client.php:980
Stack trace:
#0 /home/trident/hc.yourproject-test.co.uk/includes/google_functions.php(14): Google\Client->setAuthConfig('includes/google...')
#1 /home/trident/hc.yourproject-test.co.uk/includes/google_functions.php(25): getClient()
#2 /home/trident/hc.yourproject-test.co.uk/includes/google_functions.php(51): authoriseGoogle()
#3 /home/trident/hc.yourproject-test.co.uk/settings.php(183): isGoogleConnected()
#4 {main}
  thrown in /home/trident/hc.yourproject-test.co.uk/libraries/google-api-php-client/src/Client.php on line 980
[25-Apr-2022 10:46:36 Europe/London] PHP Fatal error:  Uncaught InvalidArgumentException: file "includes/google.json" does not exist in /home/trident/hc.yourproject-test.co.uk/libraries/google-api-php-client/src/Client.php:980
Stack trace:
#0 /home/trident/hc.yourproject-test.co.uk/includes/google_functions.php(14): Google\Client->setAuthConfig('includes/google...')
#1 /home/trident/hc.yourproject-test.co.uk/includes/google_functions.php(25): getClient()
#2 /home/trident/hc.yourproject-test.co.uk/includes/google_functions.php(51): authoriseGoogle()
#3 /home/trident/hc.yourproject-test.co.uk/settings.php(183): isGoogleConnected()
#4 {main}
  thrown in /home/trident/hc.yourproject-test.co.uk/libraries/google-api-php-client/src/Client.php on line 980
[25-Apr-2022 15:19:08 Europe/London] PHP Fatal error:  Uncaught InvalidArgumentException: file "includes/google.json" does not exist in /home/trident/hc.yourproject-test.co.uk/libraries/google-api-php-client/src/Client.php:980
Stack trace:
#0 /home/trident/hc.yourproject-test.co.uk/includes/google_functions.php(14): Google\Client->setAuthConfig('includes/google...')
#1 /home/trident/hc.yourproject-test.co.uk/includes/google_functions.php(25): getClient()
#2 /home/trident/hc.yourproject-test.co.uk/includes/google_functions.php(51): authoriseGoogle()
#3 /home/trident/hc.yourproject-test.co.uk/settings.php(183): isGoogleConnected()
#4 {main}
  thrown in /home/trident/hc.yourproject-test.co.uk/libraries/google-api-php-client/src/Client.php on line 980
[25-Apr-2022 15:19:11 Europe/London] PHP Fatal error:  Uncaught InvalidArgumentException: file "includes/google.json" does not exist in /home/trident/hc.yourproject-test.co.uk/libraries/google-api-php-client/src/Client.php:980
Stack trace:
#0 /home/trident/hc.yourproject-test.co.uk/includes/google_functions.php(14): Google\Client->setAuthConfig('includes/google...')
#1 /home/trident/hc.yourproject-test.co.uk/includes/google_functions.php(25): getClient()
#2 /home/trident/hc.yourproject-test.co.uk/includes/google_functions.php(51): authoriseGoogle()
#3 /home/trident/hc.yourproject-test.co.uk/settings.php(183): isGoogleConnected()
#4 {main}
  thrown in /home/trident/hc.yourproject-test.co.uk/libraries/google-api-php-client/src/Client.php on line 980
[25-Apr-2022 15:23:40 Europe/London] PHP Fatal error:  Uncaught InvalidArgumentException: file "includes/google.json" does not exist in /home/trident/hc.yourproject-test.co.uk/libraries/google-api-php-client/src/Client.php:980
Stack trace:
#0 /home/trident/hc.yourproject-test.co.uk/includes/google_functions.php(14): Google\Client->setAuthConfig('includes/google...')
#1 /home/trident/hc.yourproject-test.co.uk/includes/google_functions.php(25): getClient()
#2 /home/trident/hc.yourproject-test.co.uk/includes/google_functions.php(51): authoriseGoogle()
#3 /home/trident/hc.yourproject-test.co.uk/settings.php(183): isGoogleConnected()
#4 {main}
  thrown in /home/trident/hc.yourproject-test.co.uk/libraries/google-api-php-client/src/Client.php on line 980
[26-Apr-2022 15:50:45 Europe/London] PHP Fatal error:  Cannot redeclare getLastInsertID() (previously declared in /home/trident/hc.yourproject-test.co.uk/config/config.php:96) in /home/trident/hc.yourproject-test.co.uk/config/config.php on line 96
[26-Apr-2022 15:50:50 Europe/London] PHP Fatal error:  Cannot redeclare getLastInsertID() (previously declared in /home/trident/hc.yourproject-test.co.uk/config/config.php:96) in /home/trident/hc.yourproject-test.co.uk/config/config.php on line 96
[26-Apr-2022 15:51:00 Europe/London] PHP Fatal error:  Cannot redeclare getLastInsertID() (previously declared in /home/trident/hc.yourproject-test.co.uk/config/config.php:96) in /home/trident/hc.yourproject-test.co.uk/config/config.php on line 96
[26-Apr-2022 15:51:56 Europe/London] PHP Fatal error:  Cannot redeclare getLastInsertID() (previously declared in /home/trident/hc.yourproject-test.co.uk/config/config.php:96) in /home/trident/hc.yourproject-test.co.uk/config/config.php on line 96
[26-Apr-2022 15:52:17 Europe/London] PHP Fatal error:  Cannot redeclare getLastInsertID() (previously declared in /home/trident/hc.yourproject-test.co.uk/config/config.php:96) in /home/trident/hc.yourproject-test.co.uk/config/config.php on line 96
[26-Apr-2022 16:11:44 Europe/London] PHP Fatal error:  Cannot redeclare getLastInsertID() (previously declared in /home/trident/hc.yourproject-test.co.uk/config/config.php:96) in /home/trident/hc.yourproject-test.co.uk/config/config.php on line 96
[26-Apr-2022 16:46:45 Europe/London] PHP Fatal error:  Cannot redeclare getLastInsertID() (previously declared in /home/trident/hc.yourproject-test.co.uk/config/config.php:96) in /home/trident/hc.yourproject-test.co.uk/config/config.php on line 96
[26-Apr-2022 16:46:58 Europe/London] PHP Fatal error:  Uncaught InvalidArgumentException: file "includes/google.json" does not exist in /home/trident/hc.yourproject-test.co.uk/libraries/google-api-php-client/src/Client.php:980
Stack trace:
#0 /home/trident/hc.yourproject-test.co.uk/includes/google_functions.php(14): Google\Client->setAuthConfig('includes/google...')
#1 /home/trident/hc.yourproject-test.co.uk/includes/google_functions.php(25): getClient()
#2 /home/trident/hc.yourproject-test.co.uk/includes/google_functions.php(51): authoriseGoogle()
#3 /home/trident/hc.yourproject-test.co.uk/settings.php(183): isGoogleConnected()
#4 {main}
  thrown in /home/trident/hc.yourproject-test.co.uk/libraries/google-api-php-client/src/Client.php on line 980
[27-Apr-2022 03:13:23 Europe/London] PHP Fatal error:  Cannot redeclare getLastInsertID() (previously declared in /home/trident/hc.yourproject-test.co.uk/config/config.php:96) in /home/trident/hc.yourproject-test.co.uk/config/config.php on line 96
[27-Apr-2022 09:29:04 Europe/London] PHP Fatal error:  Cannot redeclare getLastInsertID() (previously declared in /home/trident/hc.yourproject-test.co.uk/config/config.php:96) in /home/trident/hc.yourproject-test.co.uk/config/config.php on line 96
[27-Apr-2022 11:25:37 Europe/London] PHP Fatal error:  Uncaught Error: Call to undefined method User::getProviderName() in /home/trident/hc.yourproject-test.co.uk/group-b.php:391
Stack trace:
#0 /home/trident/hc.yourproject-test.co.uk/index.php(16): include()
#1 {main}
  thrown in /home/trident/hc.yourproject-test.co.uk/group-b.php on line 391
[27-Apr-2022 14:03:51 Europe/London] PHP Parse error:  syntax error, unexpected '$data' (T_VARIABLE) in /home/trident/hc.yourproject-test.co.uk/includes/classes/Post.php on line 126
[27-Apr-2022 14:04:14 Europe/London] PHP Parse error:  syntax error, unexpected '$data' (T_VARIABLE) in /home/trident/hc.yourproject-test.co.uk/includes/classes/Post.php on line 126
[04-May-2022 10:41:06 UTC] PHP Parse error:  syntax error, unexpected end of file in /home/trident/hc.yourproject-test.co.uk/selected-service.php on line 343
[04-May-2022 10:41:09 UTC] PHP Parse error:  syntax error, unexpected end of file in /home/trident/hc.yourproject-test.co.uk/selected-service.php on line 343
[04-May-2022 10:42:55 UTC] PHP Parse error:  syntax error, unexpected end of file in /home/trident/hc.yourproject-test.co.uk/selected-service.php on line 343
[04-May-2022 10:42:55 UTC] PHP Parse error:  syntax error, unexpected end of file in /home/trident/hc.yourproject-test.co.uk/selected-service.php on line 343
[04-May-2022 10:49:03 UTC] PHP Parse error:  syntax error, unexpected end of file in /home/trident/hc.yourproject-test.co.uk/selected-service.php on line 343
[04-May-2022 10:52:43 UTC] PHP Parse error:  syntax error, unexpected end of file in /home/trident/hc.yourproject-test.co.uk/selected-service.php on line 343
[04-May-2022 10:52:44 UTC] PHP Parse error:  syntax error, unexpected end of file in /home/trident/hc.yourproject-test.co.uk/selected-service.php on line 343
[04-May-2022 10:52:56 UTC] PHP Parse error:  syntax error, unexpected end of file in /home/trident/hc.yourproject-test.co.uk/selected-service.php on line 343
[04-May-2022 10:53:50 UTC] PHP Parse error:  syntax error, unexpected end of file in /home/trident/hc.yourproject-test.co.uk/selected-service.php on line 343
[04-May-2022 10:54:42 UTC] PHP Parse error:  syntax error, unexpected end of file in /home/trident/hc.yourproject-test.co.uk/selected-service.php on line 344
[04-May-2022 10:57:32 UTC] PHP Parse error:  syntax error, unexpected end of file in /home/trident/hc.yourproject-test.co.uk/selected-service.php on line 343
[04-May-2022 11:02:02 UTC] PHP Parse error:  syntax error, unexpected end of file in /home/trident/hc.yourproject-test.co.uk/selected-service.php on line 342
[04-May-2022 11:02:02 UTC] PHP Parse error:  syntax error, unexpected end of file in /home/trident/hc.yourproject-test.co.uk/selected-service.php on line 342
[04-May-2022 11:19:53 UTC] PHP Parse error:  syntax error, unexpected end of file in /home/trident/hc.yourproject-test.co.uk/selected-service.php on line 342
[04-May-2022 11:22:10 UTC] PHP Parse error:  syntax error, unexpected end of file in /home/trident/hc.yourproject-test.co.uk/selected-service.php on line 339
[04-May-2022 11:22:10 UTC] PHP Parse error:  syntax error, unexpected end of file in /home/trident/hc.yourproject-test.co.uk/selected-service.php on line 339
[04-May-2022 11:24:23 UTC] PHP Parse error:  syntax error, unexpected end of file in /home/trident/hc.yourproject-test.co.uk/selected-service.php on line 340
[04-May-2022 11:24:29 UTC] PHP Parse error:  syntax error, unexpected end of file in /home/trident/hc.yourproject-test.co.uk/selected-service.php on line 340
[04-May-2022 11:24:29 UTC] PHP Parse error:  syntax error, unexpected end of file in /home/trident/hc.yourproject-test.co.uk/selected-service.php on line 340
[04-May-2022 11:28:00 UTC] PHP Parse error:  syntax error, unexpected end of file in /home/trident/hc.yourproject-test.co.uk/selected-service.php on line 340
[04-May-2022 11:28:00 UTC] PHP Parse error:  syntax error, unexpected end of file in /home/trident/hc.yourproject-test.co.uk/selected-service.php on line 340
[04-May-2022 11:29:13 UTC] PHP Parse error:  syntax error, unexpected end of file in /home/trident/hc.yourproject-test.co.uk/selected-service.php on line 340
[04-May-2022 11:29:13 UTC] PHP Parse error:  syntax error, unexpected end of file in /home/trident/hc.yourproject-test.co.uk/selected-service.php on line 340
[04-May-2022 11:29:47 UTC] PHP Parse error:  syntax error, unexpected end of file in /home/trident/hc.yourproject-test.co.uk/selected-service.php on line 341
[04-May-2022 11:29:48 UTC] PHP Parse error:  syntax error, unexpected end of file in /home/trident/hc.yourproject-test.co.uk/selected-service.php on line 341
[04-May-2022 11:29:48 UTC] PHP Parse error:  syntax error, unexpected end of file in /home/trident/hc.yourproject-test.co.uk/selected-service.php on line 341
[04-May-2022 11:32:01 UTC] PHP Parse error:  syntax error, unexpected end of file in /home/trident/hc.yourproject-test.co.uk/selected-service.php on line 341
[04-May-2022 11:32:13 UTC] PHP Parse error:  syntax error, unexpected end of file in /home/trident/hc.yourproject-test.co.uk/selected-service.php on line 341
[04-May-2022 11:32:13 UTC] PHP Parse error:  syntax error, unexpected end of file in /home/trident/hc.yourproject-test.co.uk/selected-service.php on line 341
[04-May-2022 11:33:12 UTC] PHP Parse error:  syntax error, unexpected end of file in /home/trident/hc.yourproject-test.co.uk/selected-service.php on line 341
[04-May-2022 11:33:13 UTC] PHP Parse error:  syntax error, unexpected end of file in /home/trident/hc.yourproject-test.co.uk/selected-service.php on line 341
[04-May-2022 14:45:18 Europe/London] PHP Parse error:  syntax error, unexpected end of file in /home/trident/hc.yourproject-test.co.uk/includes/classes/Post.php on line 451
[04-May-2022 14:09:28 UTC] PHP Parse error:  syntax error, unexpected '$service_name' (T_VARIABLE) in /home/trident/hc.yourproject-test.co.uk/selected-service.php on line 19
[04-May-2022 14:09:37 UTC] PHP Parse error:  syntax error, unexpected end of file in /home/trident/hc.yourproject-test.co.uk/selected-service.php on line 340
[04-May-2022 14:10:56 UTC] PHP Parse error:  syntax error, unexpected end of file in /home/trident/hc.yourproject-test.co.uk/selected-service.php on line 340
[04-May-2022 14:10:57 UTC] PHP Parse error:  syntax error, unexpected end of file in /home/trident/hc.yourproject-test.co.uk/selected-service.php on line 340
[04-May-2022 14:10:58 UTC] PHP Parse error:  syntax error, unexpected end of file in /home/trident/hc.yourproject-test.co.uk/selected-service.php on line 340
[04-May-2022 14:11:42 UTC] PHP Parse error:  syntax error, unexpected end of file in /home/trident/hc.yourproject-test.co.uk/selected-service.php on line 340
[04-May-2022 14:11:43 UTC] PHP Parse error:  syntax error, unexpected end of file in /home/trident/hc.yourproject-test.co.uk/selected-service.php on line 340
[04-May-2022 14:14:41 UTC] PHP Parse error:  syntax error, unexpected end of file in /home/trident/hc.yourproject-test.co.uk/selected-service.php on line 340
[04-May-2022 14:15:34 UTC] PHP Parse error:  syntax error, unexpected end of file in /home/trident/hc.yourproject-test.co.uk/selected-service.php on line 340
[04-May-2022 14:15:34 UTC] PHP Parse error:  syntax error, unexpected end of file in /home/trident/hc.yourproject-test.co.uk/selected-service.php on line 340
[04-May-2022 14:15:47 UTC] PHP Parse error:  syntax error, unexpected end of file in /home/trident/hc.yourproject-test.co.uk/selected-service.php on line 340
[04-May-2022 14:15:47 UTC] PHP Parse error:  syntax error, unexpected end of file in /home/trident/hc.yourproject-test.co.uk/selected-service.php on line 340
[04-May-2022 14:15:47 UTC] PHP Parse error:  syntax error, unexpected end of file in /home/trident/hc.yourproject-test.co.uk/selected-service.php on line 340
[04-May-2022 14:17:53 UTC] PHP Parse error:  syntax error, unexpected end of file in /home/trident/hc.yourproject-test.co.uk/selected-service.php on line 340
[04-May-2022 14:17:54 UTC] PHP Parse error:  syntax error, unexpected end of file in /home/trident/hc.yourproject-test.co.uk/selected-service.php on line 340
[04-May-2022 14:18:46 UTC] PHP Parse error:  syntax error, unexpected end of file in /home/trident/hc.yourproject-test.co.uk/selected-service.php on line 340
[04-May-2022 14:22:21 UTC] PHP Parse error:  syntax error, unexpected end of file in /home/trident/hc.yourproject-test.co.uk/selected-service.php on line 340
[04-May-2022 14:22:22 UTC] PHP Parse error:  syntax error, unexpected end of file in /home/trident/hc.yourproject-test.co.uk/selected-service.php on line 340
[04-May-2022 20:22:38 Europe/London] PHP Fatal error:  Uncaught Error: Call to a member function prepare() on null in /home/trident/hc.yourproject-test.co.uk/reviews.php:33
Stack trace:
#0 {main}
  thrown in /home/trident/hc.yourproject-test.co.uk/reviews.php on line 33
[04-May-2022 20:22:55 Europe/London] PHP Fatal error:  Uncaught Error: Call to a member function prepare() on null in /home/trident/hc.yourproject-test.co.uk/reviews.php:33
Stack trace:
#0 {main}
  thrown in /home/trident/hc.yourproject-test.co.uk/reviews.php on line 33
[04-May-2022 20:23:02 Europe/London] PHP Fatal error:  Uncaught Error: Call to a member function prepare() on null in /home/trident/hc.yourproject-test.co.uk/reviews.php:33
Stack trace:
#0 {main}
  thrown in /home/trident/hc.yourproject-test.co.uk/reviews.php on line 33
[04-May-2022 20:24:15 Europe/London] PHP Fatal error:  Uncaught Error: Call to a member function prepare() on null in /home/trident/hc.yourproject-test.co.uk/reviews.php:33
Stack trace:
#0 {main}
  thrown in /home/trident/hc.yourproject-test.co.uk/reviews.php on line 33
[04-May-2022 20:24:23 Europe/London] PHP Fatal error:  Uncaught Error: Call to a member function prepare() on null in /home/trident/hc.yourproject-test.co.uk/reviews.php:33
Stack trace:
#0 {main}
  thrown in /home/trident/hc.yourproject-test.co.uk/reviews.php on line 33
[04-May-2022 20:24:38 Europe/London] PHP Fatal error:  Uncaught Error: Call to a member function prepare() on null in /home/trident/hc.yourproject-test.co.uk/reviews.php:33
Stack trace:
#0 {main}
  thrown in /home/trident/hc.yourproject-test.co.uk/reviews.php on line 33
[04-May-2022 20:25:11 Europe/London] PHP Fatal error:  Uncaught Error: Call to a member function prepare() on null in /home/trident/hc.yourproject-test.co.uk/reviews.php:33
Stack trace:
#0 {main}
  thrown in /home/trident/hc.yourproject-test.co.uk/reviews.php on line 33
[04-May-2022 20:45:17 Europe/London] PHP Fatal error:  Uncaught Error: Call to a member function prepare() on null in /home/trident/hc.yourproject-test.co.uk/reviews.php:33
Stack trace:
#0 {main}
  thrown in /home/trident/hc.yourproject-test.co.uk/reviews.php on line 33
[04-May-2022 20:45:23 Europe/London] PHP Fatal error:  Uncaught Error: Call to a member function prepare() on null in /home/trident/hc.yourproject-test.co.uk/reviews.php:33
Stack trace:
#0 {main}
  thrown in /home/trident/hc.yourproject-test.co.uk/reviews.php on line 33
[04-May-2022 20:45:27 Europe/London] PHP Fatal error:  Uncaught Error: Call to a member function prepare() on null in /home/trident/hc.yourproject-test.co.uk/reviews.php:33
Stack trace:
#0 {main}
  thrown in /home/trident/hc.yourproject-test.co.uk/reviews.php on line 33
[04-May-2022 20:45:35 Europe/London] PHP Fatal error:  Uncaught Error: Call to a member function prepare() on null in /home/trident/hc.yourproject-test.co.uk/reviews.php:33
Stack trace:
#0 {main}
  thrown in /home/trident/hc.yourproject-test.co.uk/reviews.php on line 33
[04-May-2022 20:46:11 Europe/London] PHP Fatal error:  Uncaught Error: Call to a member function prepare() on null in /home/trident/hc.yourproject-test.co.uk/reviews.php:33
Stack trace:
#0 {main}
  thrown in /home/trident/hc.yourproject-test.co.uk/reviews.php on line 33
[04-May-2022 20:46:38 Europe/London] PHP Fatal error:  Uncaught Error: Call to a member function prepare() on null in /home/trident/hc.yourproject-test.co.uk/reviews.php:33
Stack trace:
#0 {main}
  thrown in /home/trident/hc.yourproject-test.co.uk/reviews.php on line 33
[04-May-2022 20:46:49 Europe/London] PHP Fatal error:  Uncaught Error: Call to a member function prepare() on null in /home/trident/hc.yourproject-test.co.uk/reviews.php:33
Stack trace:
#0 {main}
  thrown in /home/trident/hc.yourproject-test.co.uk/reviews.php on line 33
[04-May-2022 20:56:12 Europe/London] PHP Fatal error:  Uncaught Error: Call to a member function prepare() on null in /home/trident/hc.yourproject-test.co.uk/reviews.php:33
Stack trace:
#0 {main}
  thrown in /home/trident/hc.yourproject-test.co.uk/reviews.php on line 33
[04-May-2022 20:56:19 Europe/London] PHP Fatal error:  Uncaught Error: Call to a member function prepare() on null in /home/trident/hc.yourproject-test.co.uk/reviews.php:33
Stack trace:
#0 {main}
  thrown in /home/trident/hc.yourproject-test.co.uk/reviews.php on line 33
[04-May-2022 20:56:25 Europe/London] PHP Fatal error:  Uncaught Error: Call to a member function prepare() on null in /home/trident/hc.yourproject-test.co.uk/reviews.php:33
Stack trace:
#0 {main}
  thrown in /home/trident/hc.yourproject-test.co.uk/reviews.php on line 33
[04-May-2022 20:59:14 Europe/London] PHP Fatal error:  Uncaught Error: Call to a member function prepare() on null in /home/trident/hc.yourproject-test.co.uk/reviews.php:33
Stack trace:
#0 {main}
  thrown in /home/trident/hc.yourproject-test.co.uk/reviews.php on line 33
[04-May-2022 20:59:20 Europe/London] PHP Fatal error:  Uncaught Error: Call to a member function prepare() on null in /home/trident/hc.yourproject-test.co.uk/reviews.php:33
Stack trace:
#0 {main}
  thrown in /home/trident/hc.yourproject-test.co.uk/reviews.php on line 33
[04-May-2022 20:59:25 Europe/London] PHP Fatal error:  Uncaught Error: Call to a member function prepare() on null in /home/trident/hc.yourproject-test.co.uk/reviews.php:33
Stack trace:
#0 {main}
  thrown in /home/trident/hc.yourproject-test.co.uk/reviews.php on line 33
[04-May-2022 20:59:54 Europe/London] PHP Fatal error:  Uncaught Error: Call to a member function prepare() on null in /home/trident/hc.yourproject-test.co.uk/reviews.php:33
Stack trace:
#0 {main}
  thrown in /home/trident/hc.yourproject-test.co.uk/reviews.php on line 33
[04-May-2022 21:00:40 Europe/London] PHP Fatal error:  Uncaught Error: Call to a member function prepare() on null in /home/trident/hc.yourproject-test.co.uk/reviews.php:33
Stack trace:
#0 {main}
  thrown in /home/trident/hc.yourproject-test.co.uk/reviews.php on line 33
[04-May-2022 21:00:52 Europe/London] PHP Fatal error:  Uncaught Error: Call to a member function prepare() on null in /home/trident/hc.yourproject-test.co.uk/reviews.php:33
Stack trace:
#0 {main}
  thrown in /home/trident/hc.yourproject-test.co.uk/reviews.php on line 33
[04-May-2022 21:00:57 Europe/London] PHP Fatal error:  Uncaught Error: Call to a member function prepare() on null in /home/trident/hc.yourproject-test.co.uk/reviews.php:33
Stack trace:
#0 {main}
  thrown in /home/trident/hc.yourproject-test.co.uk/reviews.php on line 33
[04-May-2022 21:01:05 Europe/London] PHP Fatal error:  Uncaught Error: Call to a member function prepare() on null in /home/trident/hc.yourproject-test.co.uk/reviews.php:33
Stack trace:
#0 {main}
  thrown in /home/trident/hc.yourproject-test.co.uk/reviews.php on line 33
[04-May-2022 21:01:09 Europe/London] PHP Fatal error:  Uncaught Error: Call to a member function prepare() on null in /home/trident/hc.yourproject-test.co.uk/reviews.php:33
Stack trace:
#0 {main}
  thrown in /home/trident/hc.yourproject-test.co.uk/reviews.php on line 33
[04-May-2022 21:01:14 Europe/London] PHP Fatal error:  Uncaught Error: Call to a member function prepare() on null in /home/trident/hc.yourproject-test.co.uk/reviews.php:33
Stack trace:
#0 {main}
  thrown in /home/trident/hc.yourproject-test.co.uk/reviews.php on line 33
[04-May-2022 21:01:18 Europe/London] PHP Fatal error:  Uncaught Error: Call to a member function prepare() on null in /home/trident/hc.yourproject-test.co.uk/reviews.php:33
Stack trace:
#0 {main}
  thrown in /home/trident/hc.yourproject-test.co.uk/reviews.php on line 33
[05-May-2022 12:27:08 Europe/London] PHP Fatal error:  Uncaught Error: Class 'Project' not found in /home/trident/hc.yourproject-test.co.uk/projects.php:6
Stack trace:
#0 {main}
  thrown in /home/trident/hc.yourproject-test.co.uk/projects.php on line 6
[05-May-2022 15:23:11 Europe/London] PHP Fatal error:  Uncaught Error: Class 'Project' not found in /home/trident/hc.yourproject-test.co.uk/projects.php:6
Stack trace:
#0 {main}
  thrown in /home/trident/hc.yourproject-test.co.uk/projects.php on line 6
[05-May-2022 15:23:41 Europe/London] PHP Fatal error:  Uncaught Error: Class 'Project' not found in /home/trident/hc.yourproject-test.co.uk/projects.php:6
Stack trace:
#0 {main}
  thrown in /home/trident/hc.yourproject-test.co.uk/projects.php on line 6
[05-May-2022 15:24:59 Europe/London] PHP Fatal error:  Uncaught Error: Class 'Project' not found in /home/trident/hc.yourproject-test.co.uk/projects.php:6
Stack trace:
#0 {main}
  thrown in /home/trident/hc.yourproject-test.co.uk/projects.php on line 6
[05-May-2022 14:27:13 UTC] PHP Fatal error:  Uncaught Error: Class 'User' not found in /home/trident/hc.yourproject-test.co.uk/care-staff-dashboard.php:3
Stack trace:
#0 {main}
  thrown in /home/trident/hc.yourproject-test.co.uk/care-staff-dashboard.php on line 3
[05-May-2022 15:31:15 Europe/London] PHP Fatal error:  Uncaught Error: Class 'Project' not found in /home/trident/hc.yourproject-test.co.uk/projects.php:6
Stack trace:
#0 {main}
  thrown in /home/trident/hc.yourproject-test.co.uk/projects.php on line 6
[10-May-2022 09:58:31 Europe/London] PHP Fatal error:  Uncaught Error: Class 'Project' not found in /home/trident/hc.yourproject-test.co.uk/projects.php:6
Stack trace:
#0 {main}
  thrown in /home/trident/hc.yourproject-test.co.uk/projects.php on line 6
[13-May-2022 10:03:54 Europe/London] PHP Fatal error:  Uncaught Error: Class 'Project' not found in /home/trident/hc.yourproject-test.co.uk/projects.php:6
Stack trace:
#0 {main}
  thrown in /home/trident/hc.yourproject-test.co.uk/projects.php on line 6
[13-May-2022 10:21:59 Europe/London] PHP Fatal error:  Uncaught Error: Cannot use object of type User as array in /home/trident/hc.yourproject-test.co.uk/profile.php:1171
Stack trace:
#0 {main}
  thrown in /home/trident/hc.yourproject-test.co.uk/profile.php on line 1171
[13-May-2022 10:28:14 Europe/London] PHP Fatal error:  Uncaught Error: Class 'Project' not found in /home/trident/hc.yourproject-test.co.uk/projects.php:6
Stack trace:
#0 {main}
  thrown in /home/trident/hc.yourproject-test.co.uk/projects.php on line 6
[13-May-2022 10:36:30 Europe/London] PHP Fatal error:  Uncaught Error: Cannot use object of type User as array in /home/trident/hc.yourproject-test.co.uk/profile.php:1171
Stack trace:
#0 {main}
  thrown in /home/trident/hc.yourproject-test.co.uk/profile.php on line 1171
[13-May-2022 10:36:36 Europe/London] PHP Fatal error:  Uncaught Error: Cannot use object of type User as array in /home/trident/hc.yourproject-test.co.uk/profile.php:1171
Stack trace:
#0 {main}
  thrown in /home/trident/hc.yourproject-test.co.uk/profile.php on line 1171
[13-May-2022 10:36:48 Europe/London] PHP Fatal error:  Uncaught Error: Cannot use object of type User as array in /home/trident/hc.yourproject-test.co.uk/profile.php:1171
Stack trace:
#0 {main}
  thrown in /home/trident/hc.yourproject-test.co.uk/profile.php on line 1171
[13-May-2022 10:37:46 Europe/London] PHP Fatal error:  Uncaught Error: Cannot use object of type User as array in /home/trident/hc.yourproject-test.co.uk/profile.php:1171
Stack trace:
#0 {main}
  thrown in /home/trident/hc.yourproject-test.co.uk/profile.php on line 1171
[13-May-2022 11:32:12 Europe/London] PHP Fatal error:  Uncaught Error: Cannot use object of type User as array in /home/trident/hc.yourproject-test.co.uk/profile.php:1171
Stack trace:
#0 {main}
  thrown in /home/trident/hc.yourproject-test.co.uk/profile.php on line 1171
[13-May-2022 11:32:14 Europe/London] PHP Fatal error:  Uncaught Error: Cannot use object of type User as array in /home/trident/hc.yourproject-test.co.uk/profile.php:1171
Stack trace:
#0 {main}
  thrown in /home/trident/hc.yourproject-test.co.uk/profile.php on line 1171
[13-May-2022 11:38:27 Europe/London] PHP Fatal error:  Uncaught Error: Cannot use object of type User as array in /home/trident/hc.yourproject-test.co.uk/profile.php:1171
Stack trace:
#0 {main}
  thrown in /home/trident/hc.yourproject-test.co.uk/profile.php on line 1171
[13-May-2022 11:38:30 Europe/London] PHP Fatal error:  Uncaught Error: Cannot use object of type User as array in /home/trident/hc.yourproject-test.co.uk/profile.php:1171
Stack trace:
#0 {main}
  thrown in /home/trident/hc.yourproject-test.co.uk/profile.php on line 1171
[13-May-2022 15:00:39 Europe/London] PHP Fatal error:  Uncaught Error: Class 'Project' not found in /home/trident/hc.yourproject-test.co.uk/projects.php:6
Stack trace:
#0 {main}
  thrown in /home/trident/hc.yourproject-test.co.uk/projects.php on line 6
[13-May-2022 15:02:50 Europe/London] PHP Fatal error:  Uncaught Error: Class 'Project' not found in /home/trident/hc.yourproject-test.co.uk/projects.php:6
Stack trace:
#0 {main}
  thrown in /home/trident/hc.yourproject-test.co.uk/projects.php on line 6
[13-May-2022 17:47:30 Europe/London] PHP Fatal error:  Uncaught Error: Class 'Project' not found in /home/trident/hc.yourproject-test.co.uk/projects.php:6
Stack trace:
#0 {main}
  thrown in /home/trident/hc.yourproject-test.co.uk/projects.php on line 6
[16-May-2022 11:43:16 Europe/London] PHP Fatal error:  Uncaught Error: Cannot use object of type User as array in /home/trident/hc.yourproject-test.co.uk/profile.php:1171
Stack trace:
#0 {main}
  thrown in /home/trident/hc.yourproject-test.co.uk/profile.php on line 1171
[16-May-2022 12:07:52 Europe/London] PHP Fatal error:  Uncaught Error: Cannot use object of type User as array in /home/trident/hc.yourproject-test.co.uk/profile.php:1171
Stack trace:
#0 {main}
  thrown in /home/trident/hc.yourproject-test.co.uk/profile.php on line 1171
[16-May-2022 12:21:10 Europe/London] PHP Fatal error:  Uncaught Error: Cannot use object of type User as array in /home/trident/hc.yourproject-test.co.uk/profile.php:1171
Stack trace:
#0 {main}
  thrown in /home/trident/hc.yourproject-test.co.uk/profile.php on line 1171
[16-May-2022 12:27:39 Europe/London] PHP Fatal error:  Uncaught Error: Cannot use object of type User as array in /home/trident/hc.yourproject-test.co.uk/profile.php:1171
Stack trace:
#0 {main}
  thrown in /home/trident/hc.yourproject-test.co.uk/profile.php on line 1171
[16-May-2022 12:49:11 Europe/London] PHP Fatal error:  Uncaught Error: Cannot use object of type User as array in /home/trident/hc.yourproject-test.co.uk/profile.php:1171
Stack trace:
#0 {main}
  thrown in /home/trident/hc.yourproject-test.co.uk/profile.php on line 1171
[16-May-2022 12:57:40 Europe/London] PHP Fatal error:  Uncaught Error: Cannot use object of type User as array in /home/trident/hc.yourproject-test.co.uk/profile.php:1171
Stack trace:
#0 {main}
  thrown in /home/trident/hc.yourproject-test.co.uk/profile.php on line 1171
[16-May-2022 12:59:33 Europe/London] PHP Fatal error:  Uncaught Error: Cannot use object of type User as array in /home/trident/hc.yourproject-test.co.uk/profile.php:1171
Stack trace:
#0 {main}
  thrown in /home/trident/hc.yourproject-test.co.uk/profile.php on line 1171
[16-May-2022 13:02:41 Europe/London] PHP Fatal error:  Uncaught Error: Cannot use object of type User as array in /home/trident/hc.yourproject-test.co.uk/profile.php:1171
Stack trace:
#0 {main}
  thrown in /home/trident/hc.yourproject-test.co.uk/profile.php on line 1171
[16-May-2022 13:02:47 Europe/London] PHP Fatal error:  Uncaught Error: Cannot use object of type User as array in /home/trident/hc.yourproject-test.co.uk/profile.php:1171
Stack trace:
#0 {main}
  thrown in /home/trident/hc.yourproject-test.co.uk/profile.php on line 1171
[16-May-2022 13:03:34 Europe/London] PHP Fatal error:  Uncaught Error: Cannot use object of type User as array in /home/trident/hc.yourproject-test.co.uk/profile.php:1171
Stack trace:
#0 {main}
  thrown in /home/trident/hc.yourproject-test.co.uk/profile.php on line 1171
[16-May-2022 13:03:40 Europe/London] PHP Fatal error:  Uncaught Error: Cannot use object of type User as array in /home/trident/hc.yourproject-test.co.uk/profile.php:1171
Stack trace:
#0 {main}
  thrown in /home/trident/hc.yourproject-test.co.uk/profile.php on line 1171
[16-May-2022 13:04:34 Europe/London] PHP Fatal error:  Uncaught Error: Cannot use object of type User as array in /home/trident/hc.yourproject-test.co.uk/profile.php:1171
Stack trace:
#0 {main}
  thrown in /home/trident/hc.yourproject-test.co.uk/profile.php on line 1171
[16-May-2022 13:06:17 Europe/London] PHP Fatal error:  Uncaught Error: Cannot use object of type User as array in /home/trident/hc.yourproject-test.co.uk/profile.php:1171
Stack trace:
#0 {main}
  thrown in /home/trident/hc.yourproject-test.co.uk/profile.php on line 1171
[16-May-2022 13:26:46 Europe/London] PHP Fatal error:  Uncaught Error: Cannot use object of type User as array in /home/trident/hc.yourproject-test.co.uk/profile.php:1171
Stack trace:
#0 {main}
  thrown in /home/trident/hc.yourproject-test.co.uk/profile.php on line 1171
[16-May-2022 13:27:39 Europe/London] PHP Fatal error:  Uncaught Error: Cannot use object of type User as array in /home/trident/hc.yourproject-test.co.uk/profile.php:1171
Stack trace:
#0 {main}
  thrown in /home/trident/hc.yourproject-test.co.uk/profile.php on line 1171
[16-May-2022 13:27:45 Europe/London] PHP Fatal error:  Uncaught Error: Cannot use object of type User as array in /home/trident/hc.yourproject-test.co.uk/profile.php:1171
Stack trace:
#0 {main}
  thrown in /home/trident/hc.yourproject-test.co.uk/profile.php on line 1171
[17-May-2022 10:04:51 Europe/London] PHP Fatal error:  Uncaught Error: Class 'Project' not found in /home/trident/hc.yourproject-test.co.uk/projects.php:6
Stack trace:
#0 {main}
  thrown in /home/trident/hc.yourproject-test.co.uk/projects.php on line 6
[17-May-2022 10:42:07 Europe/London] PHP Fatal error:  Uncaught Error: Class 'Project' not found in /home/trident/hc.yourproject-test.co.uk/projects.php:6
Stack trace:
#0 {main}
  thrown in /home/trident/hc.yourproject-test.co.uk/projects.php on line 6
[17-May-2022 11:02:49 Europe/London] PHP Fatal error:  Uncaught Error: Cannot use object of type User as array in /home/trident/hc.yourproject-test.co.uk/profile.php:1171
Stack trace:
#0 {main}
  thrown in /home/trident/hc.yourproject-test.co.uk/profile.php on line 1171
[17-May-2022 11:03:04 Europe/London] PHP Fatal error:  Uncaught Error: Cannot use object of type User as array in /home/trident/hc.yourproject-test.co.uk/profile.php:1171
Stack trace:
#0 {main}
  thrown in /home/trident/hc.yourproject-test.co.uk/profile.php on line 1171
[17-May-2022 11:03:21 Europe/London] PHP Fatal error:  Uncaught Error: Cannot use object of type User as array in /home/trident/hc.yourproject-test.co.uk/profile.php:1171
Stack trace:
#0 {main}
  thrown in /home/trident/hc.yourproject-test.co.uk/profile.php on line 1171
[17-May-2022 14:05:35 Europe/London] PHP Fatal error:  Uncaught Error: Class 'Project' not found in /home/trident/hc.yourproject-test.co.uk/projects.php:6
Stack trace:
#0 {main}
  thrown in /home/trident/hc.yourproject-test.co.uk/projects.php on line 6
[18-May-2022 14:41:17 Europe/London] PHP Fatal error:  Uncaught Error: Class 'Project' not found in /home/trident/hc.yourproject-test.co.uk/projects.php:6
Stack trace:
#0 {main}
  thrown in /home/trident/hc.yourproject-test.co.uk/projects.php on line 6
[18-May-2022 16:24:57 Europe/London] PHP Fatal error:  Uncaught Error: Class 'Project' not found in /home/trident/hc.yourproject-test.co.uk/projects.php:6
Stack trace:
#0 {main}
  thrown in /home/trident/hc.yourproject-test.co.uk/projects.php on line 6
[18-May-2022 16:25:41 Europe/London] PHP Fatal error:  Uncaught Error: Class 'Project' not found in /home/trident/hc.yourproject-test.co.uk/projects.php:6
Stack trace:
#0 {main}
  thrown in /home/trident/hc.yourproject-test.co.uk/projects.php on line 6
[18-May-2022 16:27:04 Europe/London] PHP Fatal error:  Uncaught Error: Class 'Project' not found in /home/trident/hc.yourproject-test.co.uk/projects.php:6
Stack trace:
#0 {main}
  thrown in /home/trident/hc.yourproject-test.co.uk/projects.php on line 6
[18-May-2022 16:31:51 Europe/London] PHP Fatal error:  Uncaught Error: Class 'Project' not found in /home/trident/hc.yourproject-test.co.uk/projects.php:6
Stack trace:
#0 {main}
  thrown in /home/trident/hc.yourproject-test.co.uk/projects.php on line 6
[18-May-2022 16:32:14 Europe/London] PHP Fatal error:  Uncaught Error: Class 'Project' not found in /home/trident/hc.yourproject-test.co.uk/projects.php:6
Stack trace:
#0 {main}
  thrown in /home/trident/hc.yourproject-test.co.uk/projects.php on line 6
[18-May-2022 16:57:41 Europe/London] PHP Fatal error:  Uncaught Error: Class 'Project' not found in /home/trident/hc.yourproject-test.co.uk/projects.php:6
Stack trace:
#0 {main}
  thrown in /home/trident/hc.yourproject-test.co.uk/projects.php on line 6
[18-May-2022 16:59:21 Europe/London] PHP Fatal error:  Uncaught Error: Class 'Project' not found in /home/trident/hc.yourproject-test.co.uk/projects.php:6
Stack trace:
#0 {main}
  thrown in /home/trident/hc.yourproject-test.co.uk/projects.php on line 6
[19-May-2022 09:50:25 Europe/London] PHP Fatal error:  Uncaught Error: Class 'Project' not found in /home/trident/hc.yourproject-test.co.uk/projects.php:6
Stack trace:
#0 {main}
  thrown in /home/trident/hc.yourproject-test.co.uk/projects.php on line 6
[20-May-2022 10:11:25 UTC] PHP Parse error:  syntax error, unexpected '}', expecting ',' or ';' in /home/trident/hc.yourproject-test.co.uk/profile.php on line 1437
[20-May-2022 10:11:27 UTC] PHP Parse error:  syntax error, unexpected '}', expecting ',' or ';' in /home/trident/hc.yourproject-test.co.uk/profile.php on line 1437
[20-May-2022 10:11:28 UTC] PHP Parse error:  syntax error, unexpected '}', expecting ',' or ';' in /home/trident/hc.yourproject-test.co.uk/profile.php on line 1437
[20-May-2022 10:11:29 UTC] PHP Parse error:  syntax error, unexpected '}', expecting ',' or ';' in /home/trident/hc.yourproject-test.co.uk/profile.php on line 1437
[20-May-2022 10:11:33 UTC] PHP Parse error:  syntax error, unexpected '}', expecting ',' or ';' in /home/trident/hc.yourproject-test.co.uk/profile.php on line 1437
[20-May-2022 10:11:54 UTC] PHP Parse error:  syntax error, unexpected '}', expecting ',' or ';' in /home/trident/hc.yourproject-test.co.uk/profile.php on line 1437
[20-May-2022 10:11:55 UTC] PHP Parse error:  syntax error, unexpected '}', expecting ',' or ';' in /home/trident/hc.yourproject-test.co.uk/profile.php on line 1437
[20-May-2022 10:11:56 UTC] PHP Parse error:  syntax error, unexpected '}', expecting ',' or ';' in /home/trident/hc.yourproject-test.co.uk/profile.php on line 1437
[20-May-2022 10:12:20 UTC] PHP Parse error:  syntax error, unexpected '}', expecting ',' or ';' in /home/trident/hc.yourproject-test.co.uk/profile.php on line 1437
[20-May-2022 10:14:33 UTC] PHP Parse error:  syntax error, unexpected '}', expecting ',' or ';' in /home/trident/hc.yourproject-test.co.uk/profile.php on line 1437
[20-May-2022 15:17:03 Europe/London] PHP Fatal error:  Cannot redeclare getLastInsertID() (previously declared in /home/trident/hc.yourproject-test.co.uk/config/config.php:96) in /home/trident/hc.yourproject-test.co.uk/config/config.php on line 96
[20-May-2022 15:20:53 Europe/London] PHP Fatal error:  Cannot redeclare getLastInsertID() (previously declared in /home/trident/hc.yourproject-test.co.uk/config/config.php:96) in /home/trident/hc.yourproject-test.co.uk/config/config.php on line 96
[20-May-2022 15:21:43 Europe/London] PHP Fatal error:  Cannot redeclare getLastInsertID() (previously declared in /home/trident/hc.yourproject-test.co.uk/config/config.php:96) in /home/trident/hc.yourproject-test.co.uk/config/config.php on line 96
[20-May-2022 15:22:25 Europe/London] PHP Fatal error:  Cannot redeclare getLastInsertID() (previously declared in /home/trident/hc.yourproject-test.co.uk/config/config.php:96) in /home/trident/hc.yourproject-test.co.uk/config/config.php on line 96
[20-May-2022 15:33:36 Europe/London] PHP Fatal error:  Cannot redeclare getLastInsertID() (previously declared in /home/trident/hc.yourproject-test.co.uk/config/config.php:96) in /home/trident/hc.yourproject-test.co.uk/config/config.php on line 96
[24-May-2022 08:50:32 UTC] PHP Parse error:  syntax error, unexpected 'if' (T_IF) in /home/trident/hc.yourproject-test.co.uk/profile.php on line 7
[24-May-2022 08:50:35 UTC] PHP Parse error:  syntax error, unexpected 'if' (T_IF) in /home/trident/hc.yourproject-test.co.uk/profile.php on line 7
[24-May-2022 08:50:36 UTC] PHP Parse error:  syntax error, unexpected 'if' (T_IF) in /home/trident/hc.yourproject-test.co.uk/profile.php on line 7
[24-May-2022 08:50:50 UTC] PHP Parse error:  syntax error, unexpected 'if' (T_IF) in /home/trident/hc.yourproject-test.co.uk/profile.php on line 7
[24-May-2022 08:50:51 UTC] PHP Parse error:  syntax error, unexpected 'if' (T_IF) in /home/trident/hc.yourproject-test.co.uk/profile.php on line 7
[24-May-2022 11:02:47 Europe/London] PHP Parse error:  syntax error, unexpected '<' in /home/trident/hc.yourproject-test.co.uk/includes/classes/Post.php on line 319
[30-May-2022 05:59:37 UTC] PHP Parse error:  syntax error, unexpected '}', expecting end of file in /home/trident/hc.yourproject-test.co.uk/lab.php on line 21
[30-May-2022 05:59:39 UTC] PHP Parse error:  syntax error, unexpected '}', expecting end of file in /home/trident/hc.yourproject-test.co.uk/lab.php on line 21
[30-May-2022 05:59:39 UTC] PHP Parse error:  syntax error, unexpected '}', expecting end of file in /home/trident/hc.yourproject-test.co.uk/lab.php on line 21
[30-May-2022 06:00:20 UTC] PHP Parse error:  syntax error, unexpected '}', expecting end of file in /home/trident/hc.yourproject-test.co.uk/lab.php on line 21
[30-May-2022 06:00:22 UTC] PHP Parse error:  syntax error, unexpected '}', expecting end of file in /home/trident/hc.yourproject-test.co.uk/lab.php on line 21
[30-May-2022 06:07:20 UTC] PHP Parse error:  syntax error, unexpected '}', expecting end of file in /home/trident/hc.yourproject-test.co.uk/lab.php on line 21
[30-May-2022 06:15:25 UTC] PHP Parse error:  syntax error, unexpected 'public' (T_PUBLIC), expecting end of file in /home/trident/hc.yourproject-test.co.uk/lab.php on line 9
[30-May-2022 06:15:27 UTC] PHP Parse error:  syntax error, unexpected 'public' (T_PUBLIC), expecting end of file in /home/trident/hc.yourproject-test.co.uk/lab.php on line 9
[30-May-2022 06:15:27 UTC] PHP Parse error:  syntax error, unexpected 'public' (T_PUBLIC), expecting end of file in /home/trident/hc.yourproject-test.co.uk/lab.php on line 9
[30-May-2022 06:15:27 UTC] PHP Parse error:  syntax error, unexpected 'public' (T_PUBLIC), expecting end of file in /home/trident/hc.yourproject-test.co.uk/lab.php on line 9
[30-May-2022 06:15:27 UTC] PHP Parse error:  syntax error, unexpected 'public' (T_PUBLIC), expecting end of file in /home/trident/hc.yourproject-test.co.uk/lab.php on line 9
[30-May-2022 11:51:40 Europe/London] PHP Fatal error:  Cannot redeclare getLastInsertID() (previously declared in /home/trident/hc.yourproject-test.co.uk/config/config.php:96) in /home/trident/hc.yourproject-test.co.uk/config/config.php on line 96
[30-May-2022 12:16:59 Europe/London] PHP Fatal error:  Cannot redeclare getLastInsertID() (previously declared in /home/trident/hc.yourproject-test.co.uk/config/config.php:96) in /home/trident/hc.yourproject-test.co.uk/config/config.php on line 96
[31-May-2022 15:10:22 Europe/London] PHP Fatal error:  Uncaught Error: Cannot use object of type User as array in /home/trident/hc.yourproject-test.co.uk/profile.php:2100
Stack trace:
#0 {main}
  thrown in /home/trident/hc.yourproject-test.co.uk/profile.php on line 2100
[31-May-2022 15:16:53 Europe/London] PHP Fatal error:  Uncaught Error: Cannot use object of type User as array in /home/trident/hc.yourproject-test.co.uk/profile.php:2100
Stack trace:
#0 {main}
  thrown in /home/trident/hc.yourproject-test.co.uk/profile.php on line 2100
[31-May-2022 15:17:12 Europe/London] PHP Fatal error:  Uncaught Error: Cannot use object of type User as array in /home/trident/hc.yourproject-test.co.uk/profile.php:2100
Stack trace:
#0 {main}
  thrown in /home/trident/hc.yourproject-test.co.uk/profile.php on line 2100
[31-May-2022 15:19:02 Europe/London] PHP Fatal error:  Uncaught Error: Cannot use object of type User as array in /home/trident/hc.yourproject-test.co.uk/profile.php:2100
Stack trace:
#0 {main}
  thrown in /home/trident/hc.yourproject-test.co.uk/profile.php on line 2100
[31-May-2022 15:19:33 Europe/London] PHP Fatal error:  Uncaught Error: Cannot use object of type User as array in /home/trident/hc.yourproject-test.co.uk/profile.php:2100
Stack trace:
#0 {main}
  thrown in /home/trident/hc.yourproject-test.co.uk/profile.php on line 2100
[31-May-2022 15:21:28 Europe/London] PHP Fatal error:  Uncaught Error: Cannot use object of type User as array in /home/trident/hc.yourproject-test.co.uk/profile.php:2100
Stack trace:
#0 {main}
  thrown in /home/trident/hc.yourproject-test.co.uk/profile.php on line 2100
[31-May-2022 21:09:04 Europe/London] PHP Fatal error:  Uncaught Error: Cannot use object of type User as array in /home/trident/hc.yourproject-test.co.uk/profile.php:2100
Stack trace:
#0 {main}
  thrown in /home/trident/hc.yourproject-test.co.uk/profile.php on line 2100
[01-Jun-2022 11:39:28 UTC] PHP Parse error:  syntax error, unexpected 'if' (T_IF) in /home/trident/hc.yourproject-test.co.uk/profile.php on line 1180
[01-Jun-2022 11:40:56 UTC] PHP Parse error:  syntax error, unexpected 'if' (T_IF) in /home/trident/hc.yourproject-test.co.uk/profile.php on line 1180
[01-Jun-2022 11:40:57 UTC] PHP Parse error:  syntax error, unexpected 'if' (T_IF) in /home/trident/hc.yourproject-test.co.uk/profile.php on line 1180
[01-Jun-2022 11:41:45 UTC] PHP Parse error:  syntax error, unexpected 'if' (T_IF) in /home/trident/hc.yourproject-test.co.uk/profile.php on line 1180
[01-Jun-2022 11:41:58 UTC] PHP Parse error:  syntax error, unexpected 'if' (T_IF) in /home/trident/hc.yourproject-test.co.uk/profile.php on line 1180
[01-Jun-2022 11:42:01 UTC] PHP Parse error:  syntax error, unexpected 'if' (T_IF) in /home/trident/hc.yourproject-test.co.uk/profile.php on line 1180
[01-Jun-2022 11:42:03 UTC] PHP Parse error:  syntax error, unexpected 'if' (T_IF) in /home/trident/hc.yourproject-test.co.uk/profile.php on line 1180
[01-Jun-2022 11:42:33 UTC] PHP Parse error:  syntax error, unexpected 'if' (T_IF) in /home/trident/hc.yourproject-test.co.uk/profile.php on line 1180
[01-Jun-2022 13:59:22 UTC] PHP Parse error:  syntax error, unexpected '$moj_conditions' (T_VARIABLE) in /home/trident/hc.yourproject-test.co.uk/profile.php on line 1120
[01-Jun-2022 14:00:27 UTC] PHP Parse error:  syntax error, unexpected '$moj_conditions' (T_VARIABLE) in /home/trident/hc.yourproject-test.co.uk/profile.php on line 1120
[01-Jun-2022 14:00:30 UTC] PHP Parse error:  syntax error, unexpected '$moj_conditions' (T_VARIABLE) in /home/trident/hc.yourproject-test.co.uk/profile.php on line 1120
[01-Jun-2022 14:00:32 UTC] PHP Parse error:  syntax error, unexpected '$moj_conditions' (T_VARIABLE) in /home/trident/hc.yourproject-test.co.uk/profile.php on line 1120
[01-Jun-2022 14:00:36 UTC] PHP Parse error:  syntax error, unexpected '$moj_conditions' (T_VARIABLE) in /home/trident/hc.yourproject-test.co.uk/profile.php on line 1120
[01-Jun-2022 14:00:38 UTC] PHP Parse error:  syntax error, unexpected '$moj_conditions' (T_VARIABLE) in /home/trident/hc.yourproject-test.co.uk/profile.php on line 1120
[01-Jun-2022 14:01:58 UTC] PHP Parse error:  syntax error, unexpected '}', expecting end of file in /home/trident/hc.yourproject-test.co.uk/profile.php on line 1277
[08-Jun-2022 08:50:12 UTC] PHP Parse error:  syntax error, unexpected end of file in /home/trident/hc.yourproject-test.co.uk/profile.php on line 2624
[08-Jun-2022 09:03:49 UTC] PHP Parse error:  syntax error, unexpected ')' in /home/trident/hc.yourproject-test.co.uk/profile.php on line 1233
[08-Jun-2022 09:04:12 UTC] PHP Parse error:  syntax error, unexpected ')' in /home/trident/hc.yourproject-test.co.uk/profile.php on line 1233
[08-Jun-2022 09:05:01 UTC] PHP Parse error:  syntax error, unexpected end of file in /home/trident/hc.yourproject-test.co.uk/profile.php on line 2624
[08-Jun-2022 09:05:01 UTC] PHP Parse error:  syntax error, unexpected end of file in /home/trident/hc.yourproject-test.co.uk/profile.php on line 2624
[08-Jun-2022 09:08:36 UTC] PHP Parse error:  syntax error, unexpected end of file in /home/trident/hc.yourproject-test.co.uk/profile.php on line 2624
[08-Jun-2022 09:08:37 UTC] PHP Parse error:  syntax error, unexpected end of file in /home/trident/hc.yourproject-test.co.uk/profile.php on line 2624
[08-Jun-2022 09:10:21 UTC] PHP Parse error:  syntax error, unexpected end of file in /home/trident/hc.yourproject-test.co.uk/profile.php on line 2624
[08-Jun-2022 09:10:21 UTC] PHP Parse error:  syntax error, unexpected end of file in /home/trident/hc.yourproject-test.co.uk/profile.php on line 2624
[08-Jun-2022 09:12:05 UTC] PHP Parse error:  syntax error, unexpected '}', expecting end of file in /home/trident/hc.yourproject-test.co.uk/profile.php on line 1274
[08-Jun-2022 09:12:06 UTC] PHP Parse error:  syntax error, unexpected '}', expecting end of file in /home/trident/hc.yourproject-test.co.uk/profile.php on line 1274
[08-Jun-2022 09:12:06 UTC] PHP Parse error:  syntax error, unexpected '}', expecting end of file in /home/trident/hc.yourproject-test.co.uk/profile.php on line 1274
[08-Jun-2022 09:16:41 UTC] PHP Parse error:  syntax error, unexpected '}', expecting end of file in /home/trident/hc.yourproject-test.co.uk/profile.php on line 1291
[08-Jun-2022 09:16:43 UTC] PHP Parse error:  syntax error, unexpected '}', expecting end of file in /home/trident/hc.yourproject-test.co.uk/profile.php on line 1291
[08-Jun-2022 09:16:44 UTC] PHP Parse error:  syntax error, unexpected '}', expecting end of file in /home/trident/hc.yourproject-test.co.uk/profile.php on line 1291
[10-Jun-2022 14:33:30 Europe/London] PHP Parse error:  syntax error, unexpected '?>', expecting function (T_FUNCTION) or const (T_CONST) in /home/trident/hc.yourproject-test.co.uk/includes/classes/Eprsections.php on line 27
[10-Jun-2022 14:33:45 Europe/London] PHP Parse error:  syntax error, unexpected '?>', expecting function (T_FUNCTION) or const (T_CONST) in /home/trident/hc.yourproject-test.co.uk/includes/classes/Eprsections.php on line 27
[10-Jun-2022 14:34:36 Europe/London] PHP Parse error:  syntax error, unexpected '?>', expecting function (T_FUNCTION) or const (T_CONST) in /home/trident/hc.yourproject-test.co.uk/includes/classes/Eprsections.php on line 27
[10-Jun-2022 14:34:42 Europe/London] PHP Parse error:  syntax error, unexpected '?>', expecting function (T_FUNCTION) or const (T_CONST) in /home/trident/hc.yourproject-test.co.uk/includes/classes/Eprsections.php on line 27
[10-Jun-2022 14:36:54 Europe/London] PHP Parse error:  syntax error, unexpected '?>', expecting function (T_FUNCTION) or const (T_CONST) in /home/trident/hc.yourproject-test.co.uk/includes/classes/Eprsections.php on line 27
[15-Jun-2022 16:09:02 Europe/London] PHP Parse error:  syntax error, unexpected '?>', expecting function (T_FUNCTION) or const (T_CONST) in /home/trident/hc.yourproject-test.co.uk/includes/classes/Eprsections.php on line 27
[15-Jun-2022 16:09:25 Europe/London] PHP Parse error:  syntax error, unexpected '?>', expecting function (T_FUNCTION) or const (T_CONST) in /home/trident/hc.yourproject-test.co.uk/includes/classes/Eprsections.php on line 27
[15-Jun-2022 16:11:45 Europe/London] PHP Parse error:  syntax error, unexpected '?>', expecting function (T_FUNCTION) or const (T_CONST) in /home/trident/hc.yourproject-test.co.uk/includes/classes/Eprsections.php on line 27
[15-Jun-2022 16:29:27 Europe/London] PHP Parse error:  syntax error, unexpected '?>', expecting function (T_FUNCTION) or const (T_CONST) in /home/trident/hc.yourproject-test.co.uk/includes/classes/Eprsections.php on line 27
[15-Jun-2022 16:31:25 Europe/London] PHP Parse error:  syntax error, unexpected '?>', expecting function (T_FUNCTION) or const (T_CONST) in /home/trident/hc.yourproject-test.co.uk/includes/classes/Eprsections.php on line 27
[15-Jun-2022 21:12:05 Europe/London] PHP Parse error:  syntax error, unexpected '?>', expecting function (T_FUNCTION) or const (T_CONST) in /home/trident/hc.yourproject-test.co.uk/includes/classes/Eprsections.php on line 27
[15-Jun-2022 21:12:39 Europe/London] PHP Parse error:  syntax error, unexpected '?>', expecting function (T_FUNCTION) or const (T_CONST) in /home/trident/hc.yourproject-test.co.uk/includes/classes/Eprsections.php on line 27
[15-Jun-2022 21:12:59 Europe/London] PHP Parse error:  syntax error, unexpected '?>', expecting function (T_FUNCTION) or const (T_CONST) in /home/trident/hc.yourproject-test.co.uk/includes/classes/Eprsections.php on line 27
[16-Jun-2022 10:34:35 Europe/London] PHP Parse error:  syntax error, unexpected '?>', expecting function (T_FUNCTION) or const (T_CONST) in /home/trident/hc.yourproject-test.co.uk/includes/classes/Eprsections.php on line 27
[16-Jun-2022 10:34:38 Europe/London] PHP Parse error:  syntax error, unexpected '?>', expecting function (T_FUNCTION) or const (T_CONST) in /home/trident/hc.yourproject-test.co.uk/includes/classes/Eprsections.php on line 27
[16-Jun-2022 10:34:43 Europe/London] PHP Parse error:  syntax error, unexpected '?>', expecting function (T_FUNCTION) or const (T_CONST) in /home/trident/hc.yourproject-test.co.uk/includes/classes/Eprsections.php on line 27
[16-Jun-2022 10:34:53 Europe/London] PHP Parse error:  syntax error, unexpected '?>', expecting function (T_FUNCTION) or const (T_CONST) in /home/trident/hc.yourproject-test.co.uk/includes/classes/Eprsections.php on line 27
[16-Jun-2022 12:27:35 Europe/London] PHP Parse error:  syntax error, unexpected '?>', expecting function (T_FUNCTION) or const (T_CONST) in /home/trident/hc.yourproject-test.co.uk/includes/classes/Eprsections.php on line 27
[16-Jun-2022 12:27:38 Europe/London] PHP Parse error:  syntax error, unexpected '?>', expecting function (T_FUNCTION) or const (T_CONST) in /home/trident/hc.yourproject-test.co.uk/includes/classes/Eprsections.php on line 27
[16-Jun-2022 12:27:38 Europe/London] PHP Parse error:  syntax error, unexpected '?>', expecting function (T_FUNCTION) or const (T_CONST) in /home/trident/hc.yourproject-test.co.uk/includes/classes/Eprsections.php on line 27
[16-Jun-2022 12:27:39 Europe/London] PHP Parse error:  syntax error, unexpected '?>', expecting function (T_FUNCTION) or const (T_CONST) in /home/trident/hc.yourproject-test.co.uk/includes/classes/Eprsections.php on line 27
[16-Jun-2022 12:27:39 Europe/London] PHP Parse error:  syntax error, unexpected '?>', expecting function (T_FUNCTION) or const (T_CONST) in /home/trident/hc.yourproject-test.co.uk/includes/classes/Eprsections.php on line 27
[16-Jun-2022 12:27:39 Europe/London] PHP Parse error:  syntax error, unexpected '?>', expecting function (T_FUNCTION) or const (T_CONST) in /home/trident/hc.yourproject-test.co.uk/includes/classes/Eprsections.php on line 27
[16-Jun-2022 12:27:39 Europe/London] PHP Parse error:  syntax error, unexpected '?>', expecting function (T_FUNCTION) or const (T_CONST) in /home/trident/hc.yourproject-test.co.uk/includes/classes/Eprsections.php on line 27
[16-Jun-2022 12:27:39 Europe/London] PHP Parse error:  syntax error, unexpected '?>', expecting function (T_FUNCTION) or const (T_CONST) in /home/trident/hc.yourproject-test.co.uk/includes/classes/Eprsections.php on line 27
[16-Jun-2022 12:27:39 Europe/London] PHP Parse error:  syntax error, unexpected '?>', expecting function (T_FUNCTION) or const (T_CONST) in /home/trident/hc.yourproject-test.co.uk/includes/classes/Eprsections.php on line 27
[16-Jun-2022 12:27:39 Europe/London] PHP Parse error:  syntax error, unexpected '?>', expecting function (T_FUNCTION) or const (T_CONST) in /home/trident/hc.yourproject-test.co.uk/includes/classes/Eprsections.php on line 27
[16-Jun-2022 12:27:39 Europe/London] PHP Parse error:  syntax error, unexpected '?>', expecting function (T_FUNCTION) or const (T_CONST) in /home/trident/hc.yourproject-test.co.uk/includes/classes/Eprsections.php on line 27
[16-Jun-2022 12:27:45 Europe/London] PHP Parse error:  syntax error, unexpected '?>', expecting function (T_FUNCTION) or const (T_CONST) in /home/trident/hc.yourproject-test.co.uk/includes/classes/Eprsections.php on line 27
[16-Jun-2022 12:27:48 Europe/London] PHP Parse error:  syntax error, unexpected '?>', expecting function (T_FUNCTION) or const (T_CONST) in /home/trident/hc.yourproject-test.co.uk/includes/classes/Eprsections.php on line 27
[16-Jun-2022 12:27:49 Europe/London] PHP Parse error:  syntax error, unexpected '?>', expecting function (T_FUNCTION) or const (T_CONST) in /home/trident/hc.yourproject-test.co.uk/includes/classes/Eprsections.php on line 27
[16-Jun-2022 12:32:13 Europe/London] PHP Parse error:  syntax error, unexpected '?>', expecting function (T_FUNCTION) or const (T_CONST) in /home/trident/hc.yourproject-test.co.uk/includes/classes/Eprsections.php on line 27
[16-Jun-2022 12:32:46 Europe/London] PHP Parse error:  syntax error, unexpected '?>', expecting function (T_FUNCTION) or const (T_CONST) in /home/trident/hc.yourproject-test.co.uk/includes/classes/Eprsections.php on line 27
[16-Jun-2022 15:05:44 Europe/London] PHP Parse error:  syntax error, unexpected '?>', expecting function (T_FUNCTION) or const (T_CONST) in /home/trident/hc.yourproject-test.co.uk/includes/classes/Eprsections.php on line 27
[16-Jun-2022 17:47:29 Europe/London] PHP Parse error:  syntax error, unexpected '?>', expecting function (T_FUNCTION) or const (T_CONST) in /home/trident/hc.yourproject-test.co.uk/includes/classes/Eprsections.php on line 27
[16-Jun-2022 17:47:31 Europe/London] PHP Parse error:  syntax error, unexpected '?>', expecting function (T_FUNCTION) or const (T_CONST) in /home/trident/hc.yourproject-test.co.uk/includes/classes/Eprsections.php on line 27
[16-Jun-2022 23:09:56 Europe/London] PHP Parse error:  syntax error, unexpected '?>', expecting function (T_FUNCTION) or const (T_CONST) in /home/trident/hc.yourproject-test.co.uk/includes/classes/Eprsections.php on line 27
[16-Jun-2022 23:10:01 Europe/London] PHP Parse error:  syntax error, unexpected '?>', expecting function (T_FUNCTION) or const (T_CONST) in /home/trident/hc.yourproject-test.co.uk/includes/classes/Eprsections.php on line 27
[17-Jun-2022 09:53:52 Europe/London] PHP Parse error:  syntax error, unexpected '?>', expecting function (T_FUNCTION) or const (T_CONST) in /home/trident/hc.yourproject-test.co.uk/includes/classes/Eprsections.php on line 27
[17-Jun-2022 09:55:07 Europe/London] PHP Parse error:  syntax error, unexpected '?>', expecting function (T_FUNCTION) or const (T_CONST) in /home/trident/hc.yourproject-test.co.uk/includes/classes/Eprsections.php on line 27
[17-Jun-2022 11:53:16 Europe/London] PHP Parse error:  syntax error, unexpected '?>', expecting function (T_FUNCTION) or const (T_CONST) in /home/trident/hc.yourproject-test.co.uk/includes/classes/Eprsections.php on line 27
[17-Jun-2022 11:53:24 Europe/London] PHP Parse error:  syntax error, unexpected '?>', expecting function (T_FUNCTION) or const (T_CONST) in /home/trident/hc.yourproject-test.co.uk/includes/classes/Eprsections.php on line 27
[17-Jun-2022 13:26:01 Europe/London] PHP Parse error:  syntax error, unexpected '?>', expecting function (T_FUNCTION) or const (T_CONST) in /home/trident/hc.yourproject-test.co.uk/includes/classes/Eprsections.php on line 27
[17-Jun-2022 13:26:10 Europe/London] PHP Parse error:  syntax error, unexpected '?>', expecting function (T_FUNCTION) or const (T_CONST) in /home/trident/hc.yourproject-test.co.uk/includes/classes/Eprsections.php on line 27
[17-Jun-2022 14:13:06 Europe/London] PHP Parse error:  syntax error, unexpected '?>', expecting function (T_FUNCTION) or const (T_CONST) in /home/trident/hc.yourproject-test.co.uk/includes/classes/Eprsections.php on line 27
[17-Jun-2022 20:28:12 Europe/London] PHP Parse error:  syntax error, unexpected '?>', expecting function (T_FUNCTION) or const (T_CONST) in /home/trident/hc.yourproject-test.co.uk/includes/classes/Eprsections.php on line 27
[18-Jun-2022 19:32:58 Europe/London] PHP Parse error:  syntax error, unexpected '?>', expecting function (T_FUNCTION) or const (T_CONST) in /home/trident/hc.yourproject-test.co.uk/includes/classes/Eprsections.php on line 27
[19-Jun-2022 13:53:41 Europe/London] PHP Parse error:  syntax error, unexpected '?>', expecting function (T_FUNCTION) or const (T_CONST) in /home/trident/hc.yourproject-test.co.uk/includes/classes/Eprsections.php on line 27
[19-Jun-2022 13:53:49 Europe/London] PHP Parse error:  syntax error, unexpected '?>', expecting function (T_FUNCTION) or const (T_CONST) in /home/trident/hc.yourproject-test.co.uk/includes/classes/Eprsections.php on line 27
[19-Jun-2022 14:00:16 Europe/London] PHP Parse error:  syntax error, unexpected '?>', expecting function (T_FUNCTION) or const (T_CONST) in /home/trident/hc.yourproject-test.co.uk/includes/classes/Eprsections.php on line 27
[19-Jun-2022 14:00:27 Europe/London] PHP Parse error:  syntax error, unexpected '?>', expecting function (T_FUNCTION) or const (T_CONST) in /home/trident/hc.yourproject-test.co.uk/includes/classes/Eprsections.php on line 27
[19-Jun-2022 20:48:40 Europe/London] PHP Parse error:  syntax error, unexpected '?>', expecting function (T_FUNCTION) or const (T_CONST) in /home/trident/hc.yourproject-test.co.uk/includes/classes/Eprsections.php on line 27
[20-Jun-2022 09:48:25 Europe/London] PHP Parse error:  syntax error, unexpected '?>', expecting function (T_FUNCTION) or const (T_CONST) in /home/trident/hc.yourproject-test.co.uk/includes/classes/Eprsections.php on line 27
[20-Jun-2022 09:48:29 Europe/London] PHP Parse error:  syntax error, unexpected '?>', expecting function (T_FUNCTION) or const (T_CONST) in /home/trident/hc.yourproject-test.co.uk/includes/classes/Eprsections.php on line 27
[20-Jun-2022 09:49:16 Europe/London] PHP Parse error:  syntax error, unexpected '?>', expecting function (T_FUNCTION) or const (T_CONST) in /home/trident/hc.yourproject-test.co.uk/includes/classes/Eprsections.php on line 27
[20-Jun-2022 12:01:17 Europe/London] PHP Fatal error:  Cannot redeclare getLastInsertID() (previously declared in /home/trident/hc.yourproject-test.co.uk/config/config.php:96) in /home/trident/hc.yourproject-test.co.uk/config/config.php on line 96
[20-Jun-2022 12:06:44 Europe/London] PHP Fatal error:  Cannot redeclare getLastInsertID() (previously declared in /home/trident/hc.yourproject-test.co.uk/config/config.php:96) in /home/trident/hc.yourproject-test.co.uk/config/config.php on line 96
[20-Jun-2022 16:24:49 UTC] PHP Parse error:  syntax error, unexpected end of file in /home/trident/hc.yourproject-test.co.uk/profile.php on line 2401
[20-Jun-2022 16:25:00 UTC] PHP Parse error:  syntax error, unexpected end of file in /home/trident/hc.yourproject-test.co.uk/profile.php on line 2401
[20-Jun-2022 16:25:50 UTC] PHP Parse error:  syntax error, unexpected end of file in /home/trident/hc.yourproject-test.co.uk/profile.php on line 2401
[20-Jun-2022 16:25:51 UTC] PHP Parse error:  syntax error, unexpected end of file in /home/trident/hc.yourproject-test.co.uk/profile.php on line 2401
[20-Jun-2022 16:26:17 UTC] PHP Parse error:  syntax error, unexpected end of file in /home/trident/hc.yourproject-test.co.uk/profile.php on line 2401
[20-Jun-2022 16:26:54 UTC] PHP Parse error:  syntax error, unexpected end of file in /home/trident/hc.yourproject-test.co.uk/profile.php on line 2401
[20-Jun-2022 16:28:26 UTC] PHP Parse error:  syntax error, unexpected end of file in /home/trident/hc.yourproject-test.co.uk/profile.php on line 2402
[20-Jun-2022 16:28:26 UTC] PHP Parse error:  syntax error, unexpected end of file in /home/trident/hc.yourproject-test.co.uk/profile.php on line 2402
[21-Jun-2022 15:22:32 UTC] PHP Parse error:  syntax error, unexpected end of file in /home/trident/hc.yourproject-test.co.uk/profile.php on line 2394
[21-Jun-2022 15:28:24 UTC] PHP Parse error:  syntax error, unexpected '}' in /home/trident/hc.yourproject-test.co.uk/profile.php on line 1158
[21-Jun-2022 15:28:47 UTC] PHP Parse error:  syntax error, unexpected end of file in /home/trident/hc.yourproject-test.co.uk/profile.php on line 2402
[21-Jun-2022 15:28:48 UTC] PHP Parse error:  syntax error, unexpected end of file in /home/trident/hc.yourproject-test.co.uk/profile.php on line 2402
[21-Jun-2022 16:20:18 UTC] PHP Parse error:  syntax error, unexpected end of file in /home/trident/hc.yourproject-test.co.uk/profile.php on line 2402
[21-Jun-2022 16:20:20 UTC] PHP Parse error:  syntax error, unexpected end of file in /home/trident/hc.yourproject-test.co.uk/profile.php on line 2402
[21-Jun-2022 16:20:23 UTC] PHP Parse error:  syntax error, unexpected end of file in /home/trident/hc.yourproject-test.co.uk/profile.php on line 2402
[21-Jun-2022 16:20:24 UTC] PHP Parse error:  syntax error, unexpected end of file in /home/trident/hc.yourproject-test.co.uk/profile.php on line 2402
[21-Jun-2022 16:20:25 UTC] PHP Parse error:  syntax error, unexpected end of file in /home/trident/hc.yourproject-test.co.uk/profile.php on line 2402
[21-Jun-2022 16:20:56 UTC] PHP Parse error:  syntax error, unexpected end of file in /home/trident/hc.yourproject-test.co.uk/profile.php on line 2402
[21-Jun-2022 16:20:59 UTC] PHP Parse error:  syntax error, unexpected end of file in /home/trident/hc.yourproject-test.co.uk/profile.php on line 2402
[21-Jun-2022 16:21:09 UTC] PHP Parse error:  syntax error, unexpected end of file in /home/trident/hc.yourproject-test.co.uk/profile.php on line 2402
[21-Jun-2022 16:21:10 UTC] PHP Parse error:  syntax error, unexpected end of file in /home/trident/hc.yourproject-test.co.uk/profile.php on line 2402
[21-Jun-2022 20:04:13 UTC] PHP Parse error:  syntax error, unexpected end of file in /home/trident/hc.yourproject-test.co.uk/profile.php on line 2402
[21-Jun-2022 20:04:16 UTC] PHP Parse error:  syntax error, unexpected end of file in /home/trident/hc.yourproject-test.co.uk/profile.php on line 2402
[21-Jun-2022 20:04:17 UTC] PHP Parse error:  syntax error, unexpected end of file in /home/trident/hc.yourproject-test.co.uk/profile.php on line 2402
[21-Jun-2022 20:04:47 UTC] PHP Parse error:  syntax error, unexpected end of file in /home/trident/hc.yourproject-test.co.uk/profile.php on line 2402
[21-Jun-2022 20:04:48 UTC] PHP Parse error:  syntax error, unexpected end of file in /home/trident/hc.yourproject-test.co.uk/profile.php on line 2402
[22-Jun-2022 09:10:01 UTC] PHP Parse error:  syntax error, unexpected end of file in /home/trident/hc.yourproject-test.co.uk/profile.php on line 2402
[22-Jun-2022 09:10:03 UTC] PHP Parse error:  syntax error, unexpected end of file in /home/trident/hc.yourproject-test.co.uk/profile.php on line 2402
[22-Jun-2022 09:10:07 UTC] PHP Parse error:  syntax error, unexpected end of file in /home/trident/hc.yourproject-test.co.uk/profile.php on line 2402
[22-Jun-2022 09:10:55 UTC] PHP Parse error:  syntax error, unexpected end of file in /home/trident/hc.yourproject-test.co.uk/profile.php on line 2402
[22-Jun-2022 09:11:52 UTC] PHP Parse error:  syntax error, unexpected end of file in /home/trident/hc.yourproject-test.co.uk/profile.php on line 2402
[22-Jun-2022 09:11:55 UTC] PHP Parse error:  syntax error, unexpected end of file in /home/trident/hc.yourproject-test.co.uk/profile.php on line 2402
[22-Jun-2022 13:00:32 UTC] PHP Parse error:  syntax error, unexpected end of file in /home/trident/hc.yourproject-test.co.uk/profile.php on line 2402
[22-Jun-2022 13:00:34 UTC] PHP Parse error:  syntax error, unexpected end of file in /home/trident/hc.yourproject-test.co.uk/profile.php on line 2402
[22-Jun-2022 13:03:49 UTC] PHP Parse error:  syntax error, unexpected end of file in /home/trident/hc.yourproject-test.co.uk/profile.php on line 2402
[22-Jun-2022 13:04:09 UTC] PHP Parse error:  syntax error, unexpected end of file in /home/trident/hc.yourproject-test.co.uk/profile.php on line 2402
[22-Jun-2022 13:04:17 UTC] PHP Parse error:  syntax error, unexpected end of file in /home/trident/hc.yourproject-test.co.uk/profile.php on line 2402
[22-Jun-2022 13:07:19 UTC] PHP Parse error:  syntax error, unexpected end of file in /home/trident/hc.yourproject-test.co.uk/profile.php on line 2402
[22-Jun-2022 13:23:00 UTC] PHP Parse error:  syntax error, unexpected end of file in /home/trident/hc.yourproject-test.co.uk/profile.php on line 2402
[22-Jun-2022 13:26:07 UTC] PHP Parse error:  syntax error, unexpected end of file in /home/trident/hc.yourproject-test.co.uk/profile.php on line 2402
[22-Jun-2022 13:26:08 UTC] PHP Parse error:  syntax error, unexpected end of file in /home/trident/hc.yourproject-test.co.uk/profile.php on line 2402
[22-Jun-2022 13:26:09 UTC] PHP Parse error:  syntax error, unexpected end of file in /home/trident/hc.yourproject-test.co.uk/profile.php on line 2402
[22-Jun-2022 14:02:34 UTC] PHP Parse error:  syntax error, unexpected end of file in /home/trident/hc.yourproject-test.co.uk/profile.php on line 2402
[22-Jun-2022 14:43:29 UTC] PHP Parse error:  syntax error, unexpected end of file in /home/trident/hc.yourproject-test.co.uk/profile.php on line 2402
[23-Jun-2022 10:06:10 UTC] PHP Parse error:  syntax error, unexpected end of file in /home/trident/hc.yourproject-test.co.uk/profile.php on line 2402
[23-Jun-2022 10:10:49 UTC] PHP Parse error:  syntax error, unexpected end of file in /home/trident/hc.yourproject-test.co.uk/profile.php on line 2402
[23-Jun-2022 10:11:57 UTC] PHP Parse error:  syntax error, unexpected end of file in /home/trident/hc.yourproject-test.co.uk/profile.php on line 2402
[23-Jun-2022 10:11:58 UTC] PHP Parse error:  syntax error, unexpected end of file in /home/trident/hc.yourproject-test.co.uk/profile.php on line 2402
[23-Jun-2022 10:14:30 UTC] PHP Parse error:  syntax error, unexpected end of file in /home/trident/hc.yourproject-test.co.uk/profile.php on line 2402
[23-Jun-2022 10:14:31 UTC] PHP Parse error:  syntax error, unexpected end of file in /home/trident/hc.yourproject-test.co.uk/profile.php on line 2402
[30-Jun-2022 09:20:49 UTC] PHP Parse error:  syntax error, unexpected '<', expecting end of file in /home/trident/hc.yourproject-test.co.uk/profile.php on line 1237
[30-Jun-2022 09:20:50 UTC] PHP Parse error:  syntax error, unexpected '<', expecting end of file in /home/trident/hc.yourproject-test.co.uk/profile.php on line 1237
[30-Jun-2022 09:23:32 UTC] PHP Parse error:  syntax error, unexpected '<', expecting end of file in /home/trident/hc.yourproject-test.co.uk/profile.php on line 1237
[07-Sep-2022 16:38:45 Europe/London] PHP Fatal error:  Uncaught Error: Cannot use object of type User as array in /home/trident/hc.yourproject-test.co.uk/profile.php:2099
Stack trace:
#0 {main}
  thrown in /home/trident/hc.yourproject-test.co.uk/profile.php on line 2099
[30-Nov-2022 11:11:45 UTC] PHP Notice:  Undefined variable: user in /home/trident/hc.yourproject-test.co.uk/index.php on line 5
[30-Nov-2022 11:11:45 UTC] PHP Notice:  Trying to access array offset on value of type null in /home/trident/hc.yourproject-test.co.uk/index.php on line 5
[30-Nov-2022 11:11:45 UTC] PHP Notice:  Undefined variable: user in /home/trident/hc.yourproject-test.co.uk/index.php on line 8
[30-Nov-2022 11:11:45 UTC] PHP Notice:  Trying to access array offset on value of type null in /home/trident/hc.yourproject-test.co.uk/index.php on line 8
[30-Nov-2022 11:11:45 UTC] PHP Notice:  Undefined variable: user in /home/trident/hc.yourproject-test.co.uk/index.php on line 11
[30-Nov-2022 11:11:45 UTC] PHP Notice:  Trying to access array offset on value of type null in /home/trident/hc.yourproject-test.co.uk/index.php on line 11
[30-Nov-2022 11:11:45 UTC] PHP Notice:  Undefined variable: user in /home/trident/hc.yourproject-test.co.uk/index.php on line 15
[30-Nov-2022 11:11:45 UTC] PHP Notice:  Trying to access array offset on value of type null in /home/trident/hc.yourproject-test.co.uk/index.php on line 15
[30-Nov-2022 11:11:45 UTC] PHP Notice:  Undefined variable: user in /home/trident/hc.yourproject-test.co.uk/index.php on line 18
[30-Nov-2022 11:11:45 UTC] PHP Notice:  Trying to access array offset on value of type null in /home/trident/hc.yourproject-test.co.uk/index.php on line 18
[30-Nov-2022 11:11:47 UTC] PHP Notice:  Undefined variable: user in /home/trident/hc.yourproject-test.co.uk/index.php on line 5
[30-Nov-2022 11:11:47 UTC] PHP Notice:  Trying to access array offset on value of type null in /home/trident/hc.yourproject-test.co.uk/index.php on line 5
[30-Nov-2022 11:11:47 UTC] PHP Notice:  Undefined variable: user in /home/trident/hc.yourproject-test.co.uk/index.php on line 8
[30-Nov-2022 11:11:47 UTC] PHP Notice:  Trying to access array offset on value of type null in /home/trident/hc.yourproject-test.co.uk/index.php on line 8
[30-Nov-2022 11:11:47 UTC] PHP Notice:  Undefined variable: user in /home/trident/hc.yourproject-test.co.uk/index.php on line 11
[30-Nov-2022 11:11:47 UTC] PHP Notice:  Trying to access array offset on value of type null in /home/trident/hc.yourproject-test.co.uk/index.php on line 11
[30-Nov-2022 11:11:47 UTC] PHP Notice:  Undefined variable: user in /home/trident/hc.yourproject-test.co.uk/index.php on line 15
[30-Nov-2022 11:11:47 UTC] PHP Notice:  Trying to access array offset on value of type null in /home/trident/hc.yourproject-test.co.uk/index.php on line 15
[30-Nov-2022 11:11:47 UTC] PHP Notice:  Undefined variable: user in /home/trident/hc.yourproject-test.co.uk/index.php on line 18
[30-Nov-2022 11:11:47 UTC] PHP Notice:  Trying to access array offset on value of type null in /home/trident/hc.yourproject-test.co.uk/index.php on line 18
[30-Nov-2022 11:11:50 UTC] PHP Notice:  Undefined variable: user in /home/trident/hc.yourproject-test.co.uk/index.php on line 5
[30-Nov-2022 11:11:50 UTC] PHP Notice:  Trying to access array offset on value of type null in /home/trident/hc.yourproject-test.co.uk/index.php on line 5
[30-Nov-2022 11:11:50 UTC] PHP Notice:  Undefined variable: user in /home/trident/hc.yourproject-test.co.uk/index.php on line 8
[30-Nov-2022 11:11:50 UTC] PHP Notice:  Trying to access array offset on value of type null in /home/trident/hc.yourproject-test.co.uk/index.php on line 8
[30-Nov-2022 11:11:50 UTC] PHP Notice:  Undefined variable: user in /home/trident/hc.yourproject-test.co.uk/index.php on line 11
[30-Nov-2022 11:11:50 UTC] PHP Notice:  Trying to access array offset on value of type null in /home/trident/hc.yourproject-test.co.uk/index.php on line 11
[30-Nov-2022 11:11:50 UTC] PHP Notice:  Undefined variable: user in /home/trident/hc.yourproject-test.co.uk/index.php on line 15
[30-Nov-2022 11:11:50 UTC] PHP Notice:  Trying to access array offset on value of type null in /home/trident/hc.yourproject-test.co.uk/index.php on line 15
[30-Nov-2022 11:11:50 UTC] PHP Notice:  Undefined variable: user in /home/trident/hc.yourproject-test.co.uk/index.php on line 18
[30-Nov-2022 11:11:50 UTC] PHP Notice:  Trying to access array offset on value of type null in /home/trident/hc.yourproject-test.co.uk/index.php on line 18
[30-Nov-2022 11:11:51 UTC] PHP Notice:  Undefined variable: user in /home/trident/hc.yourproject-test.co.uk/index.php on line 5
[30-Nov-2022 11:11:51 UTC] PHP Notice:  Trying to access array offset on value of type null in /home/trident/hc.yourproject-test.co.uk/index.php on line 5
[30-Nov-2022 11:11:51 UTC] PHP Notice:  Undefined variable: user in /home/trident/hc.yourproject-test.co.uk/index.php on line 8
[30-Nov-2022 11:11:51 UTC] PHP Notice:  Trying to access array offset on value of type null in /home/trident/hc.yourproject-test.co.uk/index.php on line 8
[30-Nov-2022 11:11:51 UTC] PHP Notice:  Undefined variable: user in /home/trident/hc.yourproject-test.co.uk/index.php on line 11
[30-Nov-2022 11:11:51 UTC] PHP Notice:  Trying to access array offset on value of type null in /home/trident/hc.yourproject-test.co.uk/index.php on line 11
[30-Nov-2022 11:11:51 UTC] PHP Notice:  Undefined variable: user in /home/trident/hc.yourproject-test.co.uk/index.php on line 15
[30-Nov-2022 11:11:51 UTC] PHP Notice:  Trying to access array offset on value of type null in /home/trident/hc.yourproject-test.co.uk/index.php on line 15
[30-Nov-2022 11:11:51 UTC] PHP Notice:  Undefined variable: user in /home/trident/hc.yourproject-test.co.uk/index.php on line 18
[30-Nov-2022 11:11:51 UTC] PHP Notice:  Trying to access array offset on value of type null in /home/trident/hc.yourproject-test.co.uk/index.php on line 18
[30-Nov-2022 11:12:03 UTC] PHP Notice:  Undefined variable: user in /home/trident/hc.yourproject-test.co.uk/index.php on line 5
[30-Nov-2022 11:12:03 UTC] PHP Notice:  Trying to access array offset on value of type null in /home/trident/hc.yourproject-test.co.uk/index.php on line 5
[30-Nov-2022 11:12:03 UTC] PHP Notice:  Undefined variable: user in /home/trident/hc.yourproject-test.co.uk/index.php on line 8
[30-Nov-2022 11:12:03 UTC] PHP Notice:  Trying to access array offset on value of type null in /home/trident/hc.yourproject-test.co.uk/index.php on line 8
[30-Nov-2022 11:12:03 UTC] PHP Notice:  Undefined variable: user in /home/trident/hc.yourproject-test.co.uk/index.php on line 11
[30-Nov-2022 11:12:03 UTC] PHP Notice:  Trying to access array offset on value of type null in /home/trident/hc.yourproject-test.co.uk/index.php on line 11
[30-Nov-2022 11:12:03 UTC] PHP Notice:  Undefined variable: user in /home/trident/hc.yourproject-test.co.uk/index.php on line 15
[30-Nov-2022 11:12:03 UTC] PHP Notice:  Trying to access array offset on value of type null in /home/trident/hc.yourproject-test.co.uk/index.php on line 15
[30-Nov-2022 11:12:03 UTC] PHP Notice:  Undefined variable: user in /home/trident/hc.yourproject-test.co.uk/index.php on line 18
[30-Nov-2022 11:12:03 UTC] PHP Notice:  Trying to access array offset on value of type null in /home/trident/hc.yourproject-test.co.uk/index.php on line 18
[12-Dec-2022 08:39:35 Europe/London] PHP Fatal error:  Uncaught Error: Cannot use object of type User as array in /home/trident/hc.yourproject-test.co.uk/profile.php:2099
Stack trace:
#0 {main}
  thrown in /home/trident/hc.yourproject-test.co.uk/profile.php on line 2099
